Virtual User Script started at: 1/3/2024 3:18:10 PM
Starting action vuser_init.
Web Turbo Replay of LoadRunner 2023.0.0 for Windows 10; build 506 (Mar 08 2023 13:11:40)  	[MsgId: MMSG-26983]
Run mode: HTML  	[MsgId: MMSG-26993]
Replay user agent: Mozilla/5.0 (Windows NT 10.0; Win64; x64) AppleWebKit/537.36 (KHTML, like Gecko) Chrome/120.0.0.0 Safari/537.36  	[MsgId: MMSG-26988]
Runtime Settings file: "C:\Users\Sai\OneDrive\Documents\VuGen\Scripts\blazemeter demo transaction2\\default.cfg"  	[MsgId: MMSG-27141]
Ending action vuser_init.
Running Vuser...
Starting iteration 1.
Maximum number of concurrent connections per server: 6  	[MsgId: MMSG-26989]
Starting action Action.
Action.c(4): web_set_sockets_option started  	[MsgId: MMSG-26355]
Action.c(4): web_set_sockets_option was successful  	[MsgId: MMSG-26392]
Action.c(6): web_url("seed") started  	[MsgId: MMSG-26355]
Action.c(6): HTML parsing not performed for Content-Type "application/octet-stream" ("ParseHtmlContentType" Runtime Setting is "TEXT"). URL="https://clientservices.googleapis.com/chrome-variations/seed?osname=win&channel=stable&milestone=120"  	[MsgId: MMSG-26547]
Action.c(6): web_url("seed") was successful, 340325 body bytes, 377 header bytes  	[MsgId: MMSG-26386]
Action.c(14): web_add_cookie started  	[MsgId: MMSG-26355]
Action.c(14): web_add_cookie was successful  	[MsgId: MMSG-26392]
Action.c(16): web_add_cookie started  	[MsgId: MMSG-26355]
Action.c(16): web_add_cookie was successful  	[MsgId: MMSG-26392]
Action.c(19): web_reg_save_param_regexp started  	[MsgId: MMSG-26355]
Action.c(19): Registering web_reg_save_param_regexp was successful  	[MsgId: MMSG-26390]
Action.c(28): web_url("blazedemo.com") started  	[MsgId: MMSG-26355]
Action.c(28): Found resource "http://ajax.googleapis.com/ajax/libs/jquery/2.0.0/jquery.min.js" in HTML "https://blazedemo.com/"  	[MsgId: MMSG-26659]
Action.c(28): Found resource "https://blazedemo.com/assets/bootstrap.min.js" in HTML "https://blazedemo.com/"  	[MsgId: MMSG-26659]
Action.c(28): Found resource "https://blazedemo.com/assets/bootstrap-table.js" in HTML "https://blazedemo.com/"  	[MsgId: MMSG-26659]
Action.c(28): Found resource "https://blazedemo.com/assets/bootstrap.min.css" in HTML "https://blazedemo.com/"  	[MsgId: MMSG-26659]
Action.c(28): Found resource "https://blazedemo.com/assets/bootstrap-table.css" in HTML "https://blazedemo.com/"  	[MsgId: MMSG-26659]
Action.c(28): Downloading resource "https://blazemeter.trackinglibrary.prodperfect.com/keen-tracking.min.js" (specified by argument number 9)  	[MsgId: MMSG-26576]
Action.c(28): Downloading resource "https://blazedemo.com/favicon.ico" (specified by argument number 11)  	[MsgId: MMSG-26576]
Action.c(28): web_url("blazedemo.com") was successful, 91039 body bytes, 3578 header bytes  	[MsgId: MMSG-26386]
Action.c(42): Notify: Transaction "source transaction" started.
Action.c(44): web_custom_request("pageviews") started  	[MsgId: MMSG-26355]
Action.c(44): web_custom_request("pageviews") was successful, 0 body bytes, 506 header bytes  	[MsgId: MMSG-26386]
Action.c(58): web_custom_request("clicks") started  	[MsgId: MMSG-26355]
Action.c(58): web_custom_request("clicks") was successful, 0 body bytes, 506 header bytes  	[MsgId: MMSG-26386]
Action.c(73): web_custom_request("changes") started  	[MsgId: MMSG-26355]
Action.c(73): web_custom_request("changes") was successful, 0 body bytes, 506 header bytes  	[MsgId: MMSG-26386]
Action.c(88): Notify: Transaction "source transaction" ended with a "Pass" status (Duration: 3.0210 Wasted Time: 0.0349).
Action.c(92): Notify: Transaction "destination transaction" started.
Action.c(94): web_custom_request("clicks_2") started  	[MsgId: MMSG-26355]
Action.c(94): web_custom_request("clicks_2") was successful, 0 body bytes, 506 header bytes  	[MsgId: MMSG-26386]
Action.c(109): web_custom_request("changes_2") started  	[MsgId: MMSG-26355]
Action.c(109): web_custom_request("changes_2") was successful, 0 body bytes, 506 header bytes  	[MsgId: MMSG-26386]
Action.c(124): web_custom_request("clicks_3") started  	[MsgId: MMSG-26355]
Action.c(124): web_custom_request("clicks_3") was successful, 0 body bytes, 506 header bytes  	[MsgId: MMSG-26386]
Action.c(139): Notify: Transaction "destination transaction" ended with a "Pass" status (Duration: 2.4504 Wasted Time: 0.0374).
Action.c(143): web_custom_request("json") started  	[MsgId: MMSG-26355]
Action.c(143): web_custom_request("json") was successful, 1039 body bytes, 1085 header bytes  	[MsgId: MMSG-26386]
Action.c(176): Notify: Transaction "find flights transaction" started.
Action.c(178): web_submit_data("reserve.php") started  	[MsgId: MMSG-26355]
Action.c(178): Resource "http://ajax.googleapis.com/ajax/libs/jquery/2.0.0/jquery.min.js" is in the cache already and will not be downloaded again  	[MsgId: MMSG-26655]
Action.c(178): Resource "https://blazedemo.com/assets/bootstrap.min.js" is in the cache already and will not be downloaded again  	[MsgId: MMSG-26655]
Action.c(178): Resource "https://blazedemo.com/assets/bootstrap-table.js" is in the cache already and will not be downloaded again  	[MsgId: MMSG-26655]
Action.c(178): Resource "https://blazedemo.com/assets/bootstrap.min.css" is in the cache already and will not be downloaded again  	[MsgId: MMSG-26655]
Action.c(178): Resource "https://blazedemo.com/assets/bootstrap-table.css" is in the cache already and will not be downloaded again  	[MsgId: MMSG-26655]
Action.c(178): web_submit_data("reserve.php") was successful, 1912 body bytes, 317 header bytes  	[MsgId: MMSG-26386]
Action.c(190): web_custom_request("clicks_4") started  	[MsgId: MMSG-26355]
Action.c(190): web_custom_request("clicks_4") was successful, 0 body bytes, 506 header bytes  	[MsgId: MMSG-26386]
Action.c(206): web_custom_request("form_submissions") started  	[MsgId: MMSG-26355]
Action.c(206): web_custom_request("form_submissions") was successful, 0 body bytes, 506 header bytes  	[MsgId: MMSG-26386]
Action.c(221): Notify: Transaction "find flights transaction" ended with a "Pass" status (Duration: 2.2621 Wasted Time: 0.0379).
Action.c(223): Notify: Transaction "choose this flight transaction" started.
Action.c(225): web_add_cookie started  	[MsgId: MMSG-26355]
Action.c(225): web_add_cookie was successful  	[MsgId: MMSG-26392]
Action.c(229): web_submit_data("purchase.php") started  	[MsgId: MMSG-26355]
Action.c(229): Resource "http://ajax.googleapis.com/ajax/libs/jquery/2.0.0/jquery.min.js" is in the cache already and will not be downloaded again  	[MsgId: MMSG-26655]
Action.c(229): Resource "https://blazedemo.com/assets/bootstrap.min.js" is in the cache already and will not be downloaded again  	[MsgId: MMSG-26655]
Action.c(229): Resource "https://blazedemo.com/assets/bootstrap-table.js" is in the cache already and will not be downloaded again  	[MsgId: MMSG-26655]
Action.c(229): Resource "https://blazedemo.com/assets/bootstrap.min.css" is in the cache already and will not be downloaded again  	[MsgId: MMSG-26655]
Action.c(229): Resource "https://blazedemo.com/assets/bootstrap-table.css" is in the cache already and will not be downloaded again  	[MsgId: MMSG-26655]
Action.c(229): web_submit_data("purchase.php") was successful, 2115 body bytes, 317 header bytes  	[MsgId: MMSG-26386]
Action.c(244): web_custom_request("pageunloads") started  	[MsgId: MMSG-26355]
Action.c(244): web_custom_request("pageunloads") was successful, 0 body bytes, 506 header bytes  	[MsgId: MMSG-26386]
Action.c(258): web_custom_request("pageviews_2") started  	[MsgId: MMSG-26355]
Action.c(258): web_custom_request("pageviews_2") was successful, 0 body bytes, 506 header bytes  	[MsgId: MMSG-26386]
Action.c(272): web_custom_request("clicks_5") started  	[MsgId: MMSG-26355]
Action.c(272): web_custom_request("clicks_5") was successful, 0 body bytes, 506 header bytes  	[MsgId: MMSG-26386]
Action.c(288): Notify: Transaction "choose this flight transaction" ended with a "Pass" status (Duration: 3.0343 Wasted Time: 0.0522).
Action.c(292): Notify: Transaction "details filling transaction" started.
Action.c(294): web_custom_request("pageviews_3") started  	[MsgId: MMSG-26355]
Action.c(294): web_custom_request("pageviews_3") was successful, 0 body bytes, 506 header bytes  	[MsgId: MMSG-26386]
Action.c(308): web_custom_request("clicks_6") started  	[MsgId: MMSG-26355]
Action.c(308): web_custom_request("clicks_6") was successful, 0 body bytes, 506 header bytes  	[MsgId: MMSG-26386]
Action.c(326): web_custom_request("clicks_7") started  	[MsgId: MMSG-26355]
Action.c(326): web_custom_request("clicks_7") was successful, 0 body bytes, 506 header bytes  	[MsgId: MMSG-26386]
Action.c(344): web_custom_request("changes_3") started  	[MsgId: MMSG-26355]
Action.c(344): web_custom_request("changes_3") was successful, 0 body bytes, 506 header bytes  	[MsgId: MMSG-26386]
Action.c(360): Notify: Transaction "details filling transaction" ended with a "Pass" status (Duration: 3.3300 Wasted Time: 0.0473).
Action.c(362): Notify: Transaction "purchase flight transaction" started.
Action.c(364): Notify: Transaction "purchase flight transaction" ended with a "Pass" status (Duration: 0.0140).
Ending action Action.
Ending iteration 1.
Ending Vuser...
Starting action vuser_end.
Ending action vuser_end.
Vuser Terminated.
