Start auto log messages stack - Iteration 2.	[MsgId: MMSG-10545]
Action.c(262): Downloading resource "https://content-autofill.googleapis.com/v1/pages/ChVDaHJvbWUvMTIwLjAuNjA5OS4xMzASWAlgdZD1gGcJJRIFDR87IvsSBQ2U1FseEgUNRmcVfRIFDfKo5J0SBQ2gOKZlEgUN6vDYJxIFDYbgKPASBQ14tFrJEgUNUk1bIRIFDdGFyLghOjPq5EZxRW4=?alt=proto" (specified by argument number 12)  	[MsgId: MMSG-26576]
Action.c(262): Warning -26630: HTTP Status-Code=400 (Bad Request) for "https://content-autofill.googleapis.com/v1/pages/ChVDaHJvbWUvMTIwLjAuNjA5OS4xMzASWAlgdZD1gGcJJRIFDR87IvsSBQ2U1FseEgUNRmcVfRIFDfKo5J0SBQ2gOKZlEgUN6vDYJxIFDYbgKPASBQ14tFrJEgUNUk1bIRIFDdGFyLghOjPq5EZxRW4=?alt=proto"  	[MsgId: MWAR-26630]
Action.c(262): web_custom_request("pageunloads") highest severity level was "warning", 94 body bytes, 876 header bytes  	[MsgId: MMSG-26388]
Action.c(280): Notify: Transaction "choose the flight transaction" ended with a "Pass" status (Duration: 20.1428 Think Time: 16.0124 Wasted Time: 0.0000).	[MsgId: MMSG-16870]
Action.c(282): Error: Cannot start transaction "details filling transaction". This Vuser already started a transaction with the same name, and has not yet processed the corresponding lr_end_transaction statement.	[MsgId: MERR-16993]
End auto log messages stack.	[MsgId: MMSG-10544]


Start auto log messages stack - Iteration 2.	[MsgId: MMSG-10545]
Action.c(262): Downloading resource "https://content-autofill.googleapis.com/v1/pages/ChVDaHJvbWUvMTIwLjAuNjA5OS4xMzASWAlgdZD1gGcJJRIFDR87IvsSBQ2U1FseEgUNRmcVfRIFDfKo5J0SBQ2gOKZlEgUN6vDYJxIFDYbgKPASBQ14tFrJEgUNUk1bIRIFDdGFyLghOjPq5EZxRW4=?alt=proto" (specified by argument number 12)  	[MsgId: MMSG-26576]
Action.c(262): Warning -26630: HTTP Status-Code=400 (Bad Request) for "https://content-autofill.googleapis.com/v1/pages/ChVDaHJvbWUvMTIwLjAuNjA5OS4xMzASWAlgdZD1gGcJJRIFDR87IvsSBQ2U1FseEgUNRmcVfRIFDfKo5J0SBQ2gOKZlEgUN6vDYJxIFDYbgKPASBQ14tFrJEgUNUk1bIRIFDdGFyLghOjPq5EZxRW4=?alt=proto"  	[MsgId: MWAR-26630]
Action.c(262): web_custom_request("pageunloads") highest severity level was "warning", 94 body bytes, 876 header bytes  	[MsgId: MMSG-26388]
Action.c(280): Notify: Transaction "choose the flight transaction" ended with a "Pass" status (Duration: 19.9197 Think Time: 16.0164 Wasted Time: 0.0000).	[MsgId: MMSG-16870]
Action.c(282): Error: Cannot start transaction "details filling transaction". This Vuser already started a transaction with the same name, and has not yet processed the corresponding lr_end_transaction statement.	[MsgId: MERR-16993]
End auto log messages stack.	[MsgId: MMSG-10544]


Start auto log messages stack - Iteration 2.	[MsgId: MMSG-10545]
Action.c(262): Downloading resource "https://content-autofill.googleapis.com/v1/pages/ChVDaHJvbWUvMTIwLjAuNjA5OS4xMzASWAlgdZD1gGcJJRIFDR87IvsSBQ2U1FseEgUNRmcVfRIFDfKo5J0SBQ2gOKZlEgUN6vDYJxIFDYbgKPASBQ14tFrJEgUNUk1bIRIFDdGFyLghOjPq5EZxRW4=?alt=proto" (specified by argument number 12)  	[MsgId: MMSG-26576]
Action.c(262): Warning -26630: HTTP Status-Code=400 (Bad Request) for "https://content-autofill.googleapis.com/v1/pages/ChVDaHJvbWUvMTIwLjAuNjA5OS4xMzASWAlgdZD1gGcJJRIFDR87IvsSBQ2U1FseEgUNRmcVfRIFDfKo5J0SBQ2gOKZlEgUN6vDYJxIFDYbgKPASBQ14tFrJEgUNUk1bIRIFDdGFyLghOjPq5EZxRW4=?alt=proto"  	[MsgId: MWAR-26630]
Action.c(262): web_custom_request("pageunloads") highest severity level was "warning", 94 body bytes, 876 header bytes  	[MsgId: MMSG-26388]
Action.c(280): Notify: Transaction "choose the flight transaction" ended with a "Pass" status (Duration: 18.1942 Think Time: 16.0039 Wasted Time: 0.0000).	[MsgId: MMSG-16870]
Action.c(282): Error: Cannot start transaction "details filling transaction". This Vuser already started a transaction with the same name, and has not yet processed the corresponding lr_end_transaction statement.	[MsgId: MERR-16993]
End auto log messages stack.	[MsgId: MMSG-10544]


Start auto log messages stack - Iteration 2.	[MsgId: MMSG-10545]
Action.c(262): Downloading resource "https://content-autofill.googleapis.com/v1/pages/ChVDaHJvbWUvMTIwLjAuNjA5OS4xMzASWAlgdZD1gGcJJRIFDR87IvsSBQ2U1FseEgUNRmcVfRIFDfKo5J0SBQ2gOKZlEgUN6vDYJxIFDYbgKPASBQ14tFrJEgUNUk1bIRIFDdGFyLghOjPq5EZxRW4=?alt=proto" (specified by argument number 12)  	[MsgId: MMSG-26576]
Action.c(262): Warning -26630: HTTP Status-Code=400 (Bad Request) for "https://content-autofill.googleapis.com/v1/pages/ChVDaHJvbWUvMTIwLjAuNjA5OS4xMzASWAlgdZD1gGcJJRIFDR87IvsSBQ2U1FseEgUNRmcVfRIFDfKo5J0SBQ2gOKZlEgUN6vDYJxIFDYbgKPASBQ14tFrJEgUNUk1bIRIFDdGFyLghOjPq5EZxRW4=?alt=proto"  	[MsgId: MWAR-26630]
Action.c(262): web_custom_request("pageunloads") highest severity level was "warning", 94 body bytes, 876 header bytes  	[MsgId: MMSG-26388]
Action.c(280): Notify: Transaction "choose the flight transaction" ended with a "Pass" status (Duration: 18.2866 Think Time: 16.0110 Wasted Time: 0.0000).	[MsgId: MMSG-16870]
Action.c(282): Error: Cannot start transaction "details filling transaction". This Vuser already started a transaction with the same name, and has not yet processed the corresponding lr_end_transaction statement.	[MsgId: MERR-16993]
End auto log messages stack.	[MsgId: MMSG-10544]


Start auto log messages stack - Iteration 2.	[MsgId: MMSG-10545]
Action.c(262): Downloading resource "https://content-autofill.googleapis.com/v1/pages/ChVDaHJvbWUvMTIwLjAuNjA5OS4xMzASWAlgdZD1gGcJJRIFDR87IvsSBQ2U1FseEgUNRmcVfRIFDfKo5J0SBQ2gOKZlEgUN6vDYJxIFDYbgKPASBQ14tFrJEgUNUk1bIRIFDdGFyLghOjPq5EZxRW4=?alt=proto" (specified by argument number 12)  	[MsgId: MMSG-26576]
Action.c(262): Warning -26630: HTTP Status-Code=400 (Bad Request) for "https://content-autofill.googleapis.com/v1/pages/ChVDaHJvbWUvMTIwLjAuNjA5OS4xMzASWAlgdZD1gGcJJRIFDR87IvsSBQ2U1FseEgUNRmcVfRIFDfKo5J0SBQ2gOKZlEgUN6vDYJxIFDYbgKPASBQ14tFrJEgUNUk1bIRIFDdGFyLghOjPq5EZxRW4=?alt=proto"  	[MsgId: MWAR-26630]
Action.c(262): web_custom_request("pageunloads") highest severity level was "warning", 94 body bytes, 876 header bytes  	[MsgId: MMSG-26388]
Action.c(280): Notify: Transaction "choose the flight transaction" ended with a "Pass" status (Duration: 19.1546 Think Time: 16.0025 Wasted Time: 0.0000).	[MsgId: MMSG-16870]
Action.c(282): Error: Cannot start transaction "details filling transaction". This Vuser already started a transaction with the same name, and has not yet processed the corresponding lr_end_transaction statement.	[MsgId: MERR-16993]
End auto log messages stack.	[MsgId: MMSG-10544]


Start auto log messages stack - Iteration 2.	[MsgId: MMSG-10545]
Action.c(262): Downloading resource "https://content-autofill.googleapis.com/v1/pages/ChVDaHJvbWUvMTIwLjAuNjA5OS4xMzASWAlgdZD1gGcJJRIFDR87IvsSBQ2U1FseEgUNRmcVfRIFDfKo5J0SBQ2gOKZlEgUN6vDYJxIFDYbgKPASBQ14tFrJEgUNUk1bIRIFDdGFyLghOjPq5EZxRW4=?alt=proto" (specified by argument number 12)  	[MsgId: MMSG-26576]
Action.c(262): Warning -26630: HTTP Status-Code=400 (Bad Request) for "https://content-autofill.googleapis.com/v1/pages/ChVDaHJvbWUvMTIwLjAuNjA5OS4xMzASWAlgdZD1gGcJJRIFDR87IvsSBQ2U1FseEgUNRmcVfRIFDfKo5J0SBQ2gOKZlEgUN6vDYJxIFDYbgKPASBQ14tFrJEgUNUk1bIRIFDdGFyLghOjPq5EZxRW4=?alt=proto"  	[MsgId: MWAR-26630]
Action.c(262): web_custom_request("pageunloads") highest severity level was "warning", 94 body bytes, 876 header bytes  	[MsgId: MMSG-26388]
Action.c(280): Notify: Transaction "choose the flight transaction" ended with a "Pass" status (Duration: 19.3398 Think Time: 16.0009 Wasted Time: 0.0000).	[MsgId: MMSG-16870]
Action.c(282): Error: Cannot start transaction "details filling transaction". This Vuser already started a transaction with the same name, and has not yet processed the corresponding lr_end_transaction statement.	[MsgId: MERR-16993]
End auto log messages stack.	[MsgId: MMSG-10544]


Start auto log messages stack - Iteration 2.	[MsgId: MMSG-10545]
Action.c(262): Downloading resource "https://content-autofill.googleapis.com/v1/pages/ChVDaHJvbWUvMTIwLjAuNjA5OS4xMzASWAlgdZD1gGcJJRIFDR87IvsSBQ2U1FseEgUNRmcVfRIFDfKo5J0SBQ2gOKZlEgUN6vDYJxIFDYbgKPASBQ14tFrJEgUNUk1bIRIFDdGFyLghOjPq5EZxRW4=?alt=proto" (specified by argument number 12)  	[MsgId: MMSG-26576]
Action.c(262): Warning -26630: HTTP Status-Code=400 (Bad Request) for "https://content-autofill.googleapis.com/v1/pages/ChVDaHJvbWUvMTIwLjAuNjA5OS4xMzASWAlgdZD1gGcJJRIFDR87IvsSBQ2U1FseEgUNRmcVfRIFDfKo5J0SBQ2gOKZlEgUN6vDYJxIFDYbgKPASBQ14tFrJEgUNUk1bIRIFDdGFyLghOjPq5EZxRW4=?alt=proto"  	[MsgId: MWAR-26630]
Action.c(262): web_custom_request("pageunloads") highest severity level was "warning", 94 body bytes, 876 header bytes  	[MsgId: MMSG-26388]
Action.c(280): Notify: Transaction "choose the flight transaction" ended with a "Pass" status (Duration: 19.0957 Think Time: 16.0126 Wasted Time: 0.0000).	[MsgId: MMSG-16870]
Action.c(282): Error: Cannot start transaction "details filling transaction". This Vuser already started a transaction with the same name, and has not yet processed the corresponding lr_end_transaction statement.	[MsgId: MERR-16993]
End auto log messages stack.	[MsgId: MMSG-10544]


Start auto log messages stack - Iteration 2.	[MsgId: MMSG-10545]
Action.c(262): Downloading resource "https://content-autofill.googleapis.com/v1/pages/ChVDaHJvbWUvMTIwLjAuNjA5OS4xMzASWAlgdZD1gGcJJRIFDR87IvsSBQ2U1FseEgUNRmcVfRIFDfKo5J0SBQ2gOKZlEgUN6vDYJxIFDYbgKPASBQ14tFrJEgUNUk1bIRIFDdGFyLghOjPq5EZxRW4=?alt=proto" (specified by argument number 12)  	[MsgId: MMSG-26576]
Action.c(262): Warning -26630: HTTP Status-Code=400 (Bad Request) for "https://content-autofill.googleapis.com/v1/pages/ChVDaHJvbWUvMTIwLjAuNjA5OS4xMzASWAlgdZD1gGcJJRIFDR87IvsSBQ2U1FseEgUNRmcVfRIFDfKo5J0SBQ2gOKZlEgUN6vDYJxIFDYbgKPASBQ14tFrJEgUNUk1bIRIFDdGFyLghOjPq5EZxRW4=?alt=proto"  	[MsgId: MWAR-26630]
Action.c(262): web_custom_request("pageunloads") highest severity level was "warning", 94 body bytes, 876 header bytes  	[MsgId: MMSG-26388]
Action.c(280): Notify: Transaction "choose the flight transaction" ended with a "Pass" status (Duration: 18.9688 Think Time: 16.0073 Wasted Time: 0.0000).	[MsgId: MMSG-16870]
Action.c(282): Error: Cannot start transaction "details filling transaction". This Vuser already started a transaction with the same name, and has not yet processed the corresponding lr_end_transaction statement.	[MsgId: MERR-16993]
End auto log messages stack.	[MsgId: MMSG-10544]


Start auto log messages stack - Iteration 2.	[MsgId: MMSG-10545]
Action.c(262): Downloading resource "https://content-autofill.googleapis.com/v1/pages/ChVDaHJvbWUvMTIwLjAuNjA5OS4xMzASWAlgdZD1gGcJJRIFDR87IvsSBQ2U1FseEgUNRmcVfRIFDfKo5J0SBQ2gOKZlEgUN6vDYJxIFDYbgKPASBQ14tFrJEgUNUk1bIRIFDdGFyLghOjPq5EZxRW4=?alt=proto" (specified by argument number 12)  	[MsgId: MMSG-26576]
Action.c(262): Warning -26630: HTTP Status-Code=400 (Bad Request) for "https://content-autofill.googleapis.com/v1/pages/ChVDaHJvbWUvMTIwLjAuNjA5OS4xMzASWAlgdZD1gGcJJRIFDR87IvsSBQ2U1FseEgUNRmcVfRIFDfKo5J0SBQ2gOKZlEgUN6vDYJxIFDYbgKPASBQ14tFrJEgUNUk1bIRIFDdGFyLghOjPq5EZxRW4=?alt=proto"  	[MsgId: MWAR-26630]
Action.c(262): web_custom_request("pageunloads") highest severity level was "warning", 94 body bytes, 876 header bytes  	[MsgId: MMSG-26388]
Action.c(280): Notify: Transaction "choose the flight transaction" ended with a "Pass" status (Duration: 19.1569 Think Time: 16.0138 Wasted Time: 0.0000).	[MsgId: MMSG-16870]
Action.c(282): Error: Cannot start transaction "details filling transaction". This Vuser already started a transaction with the same name, and has not yet processed the corresponding lr_end_transaction statement.	[MsgId: MERR-16993]
End auto log messages stack.	[MsgId: MMSG-10544]


Start auto log messages stack - Iteration 2.	[MsgId: MMSG-10545]
Action.c(262): Downloading resource "https://content-autofill.googleapis.com/v1/pages/ChVDaHJvbWUvMTIwLjAuNjA5OS4xMzASWAlgdZD1gGcJJRIFDR87IvsSBQ2U1FseEgUNRmcVfRIFDfKo5J0SBQ2gOKZlEgUN6vDYJxIFDYbgKPASBQ14tFrJEgUNUk1bIRIFDdGFyLghOjPq5EZxRW4=?alt=proto" (specified by argument number 12)  	[MsgId: MMSG-26576]
Action.c(262): Warning -26630: HTTP Status-Code=400 (Bad Request) for "https://content-autofill.googleapis.com/v1/pages/ChVDaHJvbWUvMTIwLjAuNjA5OS4xMzASWAlgdZD1gGcJJRIFDR87IvsSBQ2U1FseEgUNRmcVfRIFDfKo5J0SBQ2gOKZlEgUN6vDYJxIFDYbgKPASBQ14tFrJEgUNUk1bIRIFDdGFyLghOjPq5EZxRW4=?alt=proto"  	[MsgId: MWAR-26630]
Action.c(262): web_custom_request("pageunloads") highest severity level was "warning", 94 body bytes, 876 header bytes  	[MsgId: MMSG-26388]
Action.c(280): Notify: Transaction "choose the flight transaction" ended with a "Pass" status (Duration: 18.5013 Think Time: 16.0100 Wasted Time: 0.0000).	[MsgId: MMSG-16870]
Action.c(282): Error: Cannot start transaction "details filling transaction". This Vuser already started a transaction with the same name, and has not yet processed the corresponding lr_end_transaction statement.	[MsgId: MERR-16993]
End auto log messages stack.	[MsgId: MMSG-10544]


Start auto log messages stack - Iteration 3.	[MsgId: MMSG-10545]
Action.c(262): Downloading resource "https://content-autofill.googleapis.com/v1/pages/ChVDaHJvbWUvMTIwLjAuNjA5OS4xMzASWAlgdZD1gGcJJRIFDR87IvsSBQ2U1FseEgUNRmcVfRIFDfKo5J0SBQ2gOKZlEgUN6vDYJxIFDYbgKPASBQ14tFrJEgUNUk1bIRIFDdGFyLghOjPq5EZxRW4=?alt=proto" (specified by argument number 12)  	[MsgId: MMSG-26576]
Action.c(262): Warning -26630: HTTP Status-Code=400 (Bad Request) for "https://content-autofill.googleapis.com/v1/pages/ChVDaHJvbWUvMTIwLjAuNjA5OS4xMzASWAlgdZD1gGcJJRIFDR87IvsSBQ2U1FseEgUNRmcVfRIFDfKo5J0SBQ2gOKZlEgUN6vDYJxIFDYbgKPASBQ14tFrJEgUNUk1bIRIFDdGFyLghOjPq5EZxRW4=?alt=proto"  	[MsgId: MWAR-26630]
Action.c(262): web_custom_request("pageunloads") highest severity level was "warning", 94 body bytes, 876 header bytes  	[MsgId: MMSG-26388]
Action.c(280): Notify: Transaction "choose the flight transaction" ended with a "Pass" status (Duration: 19.1211 Think Time: 16.0024 Wasted Time: 0.0000).	[MsgId: MMSG-16870]
Action.c(282): Error: Cannot start transaction "details filling transaction". This Vuser already started a transaction with the same name, and has not yet processed the corresponding lr_end_transaction statement.	[MsgId: MERR-16993]
End auto log messages stack.	[MsgId: MMSG-10544]


Start auto log messages stack - Iteration 3.	[MsgId: MMSG-10545]
Action.c(262): Downloading resource "https://content-autofill.googleapis.com/v1/pages/ChVDaHJvbWUvMTIwLjAuNjA5OS4xMzASWAlgdZD1gGcJJRIFDR87IvsSBQ2U1FseEgUNRmcVfRIFDfKo5J0SBQ2gOKZlEgUN6vDYJxIFDYbgKPASBQ14tFrJEgUNUk1bIRIFDdGFyLghOjPq5EZxRW4=?alt=proto" (specified by argument number 12)  	[MsgId: MMSG-26576]
Action.c(262): Warning -26630: HTTP Status-Code=400 (Bad Request) for "https://content-autofill.googleapis.com/v1/pages/ChVDaHJvbWUvMTIwLjAuNjA5OS4xMzASWAlgdZD1gGcJJRIFDR87IvsSBQ2U1FseEgUNRmcVfRIFDfKo5J0SBQ2gOKZlEgUN6vDYJxIFDYbgKPASBQ14tFrJEgUNUk1bIRIFDdGFyLghOjPq5EZxRW4=?alt=proto"  	[MsgId: MWAR-26630]
Action.c(262): web_custom_request("pageunloads") highest severity level was "warning", 94 body bytes, 876 header bytes  	[MsgId: MMSG-26388]
Action.c(280): Notify: Transaction "choose the flight transaction" ended with a "Pass" status (Duration: 18.6672 Think Time: 16.0058 Wasted Time: 0.0000).	[MsgId: MMSG-16870]
Action.c(282): Error: Cannot start transaction "details filling transaction". This Vuser already started a transaction with the same name, and has not yet processed the corresponding lr_end_transaction statement.	[MsgId: MERR-16993]
End auto log messages stack.	[MsgId: MMSG-10544]


Start auto log messages stack - Iteration 3.	[MsgId: MMSG-10545]
Action.c(262): Downloading resource "https://content-autofill.googleapis.com/v1/pages/ChVDaHJvbWUvMTIwLjAuNjA5OS4xMzASWAlgdZD1gGcJJRIFDR87IvsSBQ2U1FseEgUNRmcVfRIFDfKo5J0SBQ2gOKZlEgUN6vDYJxIFDYbgKPASBQ14tFrJEgUNUk1bIRIFDdGFyLghOjPq5EZxRW4=?alt=proto" (specified by argument number 12)  	[MsgId: MMSG-26576]
Action.c(262): Warning -26630: HTTP Status-Code=400 (Bad Request) for "https://content-autofill.googleapis.com/v1/pages/ChVDaHJvbWUvMTIwLjAuNjA5OS4xMzASWAlgdZD1gGcJJRIFDR87IvsSBQ2U1FseEgUNRmcVfRIFDfKo5J0SBQ2gOKZlEgUN6vDYJxIFDYbgKPASBQ14tFrJEgUNUk1bIRIFDdGFyLghOjPq5EZxRW4=?alt=proto"  	[MsgId: MWAR-26630]
Action.c(262): web_custom_request("pageunloads") highest severity level was "warning", 94 body bytes, 876 header bytes  	[MsgId: MMSG-26388]
Action.c(280): Notify: Transaction "choose the flight transaction" ended with a "Pass" status (Duration: 18.8470 Think Time: 16.0035 Wasted Time: 0.0000).	[MsgId: MMSG-16870]
Action.c(282): Error: Cannot start transaction "details filling transaction". This Vuser already started a transaction with the same name, and has not yet processed the corresponding lr_end_transaction statement.	[MsgId: MERR-16993]
End auto log messages stack.	[MsgId: MMSG-10544]


Start auto log messages stack - Iteration 3.	[MsgId: MMSG-10545]
Action.c(262): Downloading resource "https://content-autofill.googleapis.com/v1/pages/ChVDaHJvbWUvMTIwLjAuNjA5OS4xMzASWAlgdZD1gGcJJRIFDR87IvsSBQ2U1FseEgUNRmcVfRIFDfKo5J0SBQ2gOKZlEgUN6vDYJxIFDYbgKPASBQ14tFrJEgUNUk1bIRIFDdGFyLghOjPq5EZxRW4=?alt=proto" (specified by argument number 12)  	[MsgId: MMSG-26576]
Action.c(262): Warning -26630: HTTP Status-Code=400 (Bad Request) for "https://content-autofill.googleapis.com/v1/pages/ChVDaHJvbWUvMTIwLjAuNjA5OS4xMzASWAlgdZD1gGcJJRIFDR87IvsSBQ2U1FseEgUNRmcVfRIFDfKo5J0SBQ2gOKZlEgUN6vDYJxIFDYbgKPASBQ14tFrJEgUNUk1bIRIFDdGFyLghOjPq5EZxRW4=?alt=proto"  	[MsgId: MWAR-26630]
Action.c(262): web_custom_request("pageunloads") highest severity level was "warning", 94 body bytes, 876 header bytes  	[MsgId: MMSG-26388]
Action.c(280): Notify: Transaction "choose the flight transaction" ended with a "Pass" status (Duration: 19.2966 Think Time: 16.0152 Wasted Time: 0.0000).	[MsgId: MMSG-16870]
Action.c(282): Error: Cannot start transaction "details filling transaction". This Vuser already started a transaction with the same name, and has not yet processed the corresponding lr_end_transaction statement.	[MsgId: MERR-16993]
End auto log messages stack.	[MsgId: MMSG-10544]


Start auto log messages stack - Iteration 3.	[MsgId: MMSG-10545]
Action.c(262): Downloading resource "https://content-autofill.googleapis.com/v1/pages/ChVDaHJvbWUvMTIwLjAuNjA5OS4xMzASWAlgdZD1gGcJJRIFDR87IvsSBQ2U1FseEgUNRmcVfRIFDfKo5J0SBQ2gOKZlEgUN6vDYJxIFDYbgKPASBQ14tFrJEgUNUk1bIRIFDdGFyLghOjPq5EZxRW4=?alt=proto" (specified by argument number 12)  	[MsgId: MMSG-26576]
Action.c(262): Warning -26630: HTTP Status-Code=400 (Bad Request) for "https://content-autofill.googleapis.com/v1/pages/ChVDaHJvbWUvMTIwLjAuNjA5OS4xMzASWAlgdZD1gGcJJRIFDR87IvsSBQ2U1FseEgUNRmcVfRIFDfKo5J0SBQ2gOKZlEgUN6vDYJxIFDYbgKPASBQ14tFrJEgUNUk1bIRIFDdGFyLghOjPq5EZxRW4=?alt=proto"  	[MsgId: MWAR-26630]
Action.c(262): web_custom_request("pageunloads") highest severity level was "warning", 94 body bytes, 876 header bytes  	[MsgId: MMSG-26388]
Action.c(280): Notify: Transaction "choose the flight transaction" ended with a "Pass" status (Duration: 18.3116 Think Time: 16.0075 Wasted Time: 0.0000).	[MsgId: MMSG-16870]
Action.c(282): Error: Cannot start transaction "details filling transaction". This Vuser already started a transaction with the same name, and has not yet processed the corresponding lr_end_transaction statement.	[MsgId: MERR-16993]
End auto log messages stack.	[MsgId: MMSG-10544]


Start auto log messages stack - Iteration 3.	[MsgId: MMSG-10545]
Action.c(262): Downloading resource "https://content-autofill.googleapis.com/v1/pages/ChVDaHJvbWUvMTIwLjAuNjA5OS4xMzASWAlgdZD1gGcJJRIFDR87IvsSBQ2U1FseEgUNRmcVfRIFDfKo5J0SBQ2gOKZlEgUN6vDYJxIFDYbgKPASBQ14tFrJEgUNUk1bIRIFDdGFyLghOjPq5EZxRW4=?alt=proto" (specified by argument number 12)  	[MsgId: MMSG-26576]
Action.c(262): Warning -26630: HTTP Status-Code=400 (Bad Request) for "https://content-autofill.googleapis.com/v1/pages/ChVDaHJvbWUvMTIwLjAuNjA5OS4xMzASWAlgdZD1gGcJJRIFDR87IvsSBQ2U1FseEgUNRmcVfRIFDfKo5J0SBQ2gOKZlEgUN6vDYJxIFDYbgKPASBQ14tFrJEgUNUk1bIRIFDdGFyLghOjPq5EZxRW4=?alt=proto"  	[MsgId: MWAR-26630]
Action.c(262): web_custom_request("pageunloads") highest severity level was "warning", 94 body bytes, 876 header bytes  	[MsgId: MMSG-26388]
Action.c(280): Notify: Transaction "choose the flight transaction" ended with a "Pass" status (Duration: 18.8702 Think Time: 16.0072 Wasted Time: 0.0000).	[MsgId: MMSG-16870]
Action.c(282): Error: Cannot start transaction "details filling transaction". This Vuser already started a transaction with the same name, and has not yet processed the corresponding lr_end_transaction statement.	[MsgId: MERR-16993]
End auto log messages stack.	[MsgId: MMSG-10544]


Start auto log messages stack - Iteration 3.	[MsgId: MMSG-10545]
Action.c(262): Downloading resource "https://content-autofill.googleapis.com/v1/pages/ChVDaHJvbWUvMTIwLjAuNjA5OS4xMzASWAlgdZD1gGcJJRIFDR87IvsSBQ2U1FseEgUNRmcVfRIFDfKo5J0SBQ2gOKZlEgUN6vDYJxIFDYbgKPASBQ14tFrJEgUNUk1bIRIFDdGFyLghOjPq5EZxRW4=?alt=proto" (specified by argument number 12)  	[MsgId: MMSG-26576]
Action.c(262): Warning -26630: HTTP Status-Code=400 (Bad Request) for "https://content-autofill.googleapis.com/v1/pages/ChVDaHJvbWUvMTIwLjAuNjA5OS4xMzASWAlgdZD1gGcJJRIFDR87IvsSBQ2U1FseEgUNRmcVfRIFDfKo5J0SBQ2gOKZlEgUN6vDYJxIFDYbgKPASBQ14tFrJEgUNUk1bIRIFDdGFyLghOjPq5EZxRW4=?alt=proto"  	[MsgId: MWAR-26630]
Action.c(262): web_custom_request("pageunloads") highest severity level was "warning", 94 body bytes, 876 header bytes  	[MsgId: MMSG-26388]
Action.c(280): Notify: Transaction "choose the flight transaction" ended with a "Pass" status (Duration: 19.2630 Think Time: 16.0122 Wasted Time: 0.0000).	[MsgId: MMSG-16870]
Action.c(282): Error: Cannot start transaction "details filling transaction". This Vuser already started a transaction with the same name, and has not yet processed the corresponding lr_end_transaction statement.	[MsgId: MERR-16993]
End auto log messages stack.	[MsgId: MMSG-10544]


Start auto log messages stack - Iteration 3.	[MsgId: MMSG-10545]
Action.c(262): Downloading resource "https://content-autofill.googleapis.com/v1/pages/ChVDaHJvbWUvMTIwLjAuNjA5OS4xMzASWAlgdZD1gGcJJRIFDR87IvsSBQ2U1FseEgUNRmcVfRIFDfKo5J0SBQ2gOKZlEgUN6vDYJxIFDYbgKPASBQ14tFrJEgUNUk1bIRIFDdGFyLghOjPq5EZxRW4=?alt=proto" (specified by argument number 12)  	[MsgId: MMSG-26576]
Action.c(262): Warning -26630: HTTP Status-Code=400 (Bad Request) for "https://content-autofill.googleapis.com/v1/pages/ChVDaHJvbWUvMTIwLjAuNjA5OS4xMzASWAlgdZD1gGcJJRIFDR87IvsSBQ2U1FseEgUNRmcVfRIFDfKo5J0SBQ2gOKZlEgUN6vDYJxIFDYbgKPASBQ14tFrJEgUNUk1bIRIFDdGFyLghOjPq5EZxRW4=?alt=proto"  	[MsgId: MWAR-26630]
Action.c(262): web_custom_request("pageunloads") highest severity level was "warning", 94 body bytes, 876 header bytes  	[MsgId: MMSG-26388]
Action.c(280): Notify: Transaction "choose the flight transaction" ended with a "Pass" status (Duration: 18.6708 Think Time: 16.0083 Wasted Time: 0.0000).	[MsgId: MMSG-16870]
Action.c(282): Error: Cannot start transaction "details filling transaction". This Vuser already started a transaction with the same name, and has not yet processed the corresponding lr_end_transaction statement.	[MsgId: MERR-16993]
End auto log messages stack.	[MsgId: MMSG-10544]


Start auto log messages stack - Iteration 3.	[MsgId: MMSG-10545]
Action.c(262): Downloading resource "https://content-autofill.googleapis.com/v1/pages/ChVDaHJvbWUvMTIwLjAuNjA5OS4xMzASWAlgdZD1gGcJJRIFDR87IvsSBQ2U1FseEgUNRmcVfRIFDfKo5J0SBQ2gOKZlEgUN6vDYJxIFDYbgKPASBQ14tFrJEgUNUk1bIRIFDdGFyLghOjPq5EZxRW4=?alt=proto" (specified by argument number 12)  	[MsgId: MMSG-26576]
Action.c(262): Warning -26630: HTTP Status-Code=400 (Bad Request) for "https://content-autofill.googleapis.com/v1/pages/ChVDaHJvbWUvMTIwLjAuNjA5OS4xMzASWAlgdZD1gGcJJRIFDR87IvsSBQ2U1FseEgUNRmcVfRIFDfKo5J0SBQ2gOKZlEgUN6vDYJxIFDYbgKPASBQ14tFrJEgUNUk1bIRIFDdGFyLghOjPq5EZxRW4=?alt=proto"  	[MsgId: MWAR-26630]
Action.c(262): web_custom_request("pageunloads") highest severity level was "warning", 94 body bytes, 876 header bytes  	[MsgId: MMSG-26388]
Action.c(280): Notify: Transaction "choose the flight transaction" ended with a "Pass" status (Duration: 18.8401 Think Time: 16.0088 Wasted Time: 0.0000).	[MsgId: MMSG-16870]
Action.c(282): Error: Cannot start transaction "details filling transaction". This Vuser already started a transaction with the same name, and has not yet processed the corresponding lr_end_transaction statement.	[MsgId: MERR-16993]
End auto log messages stack.	[MsgId: MMSG-10544]


Start auto log messages stack - Iteration 3.	[MsgId: MMSG-10545]
Action.c(262): Downloading resource "https://content-autofill.googleapis.com/v1/pages/ChVDaHJvbWUvMTIwLjAuNjA5OS4xMzASWAlgdZD1gGcJJRIFDR87IvsSBQ2U1FseEgUNRmcVfRIFDfKo5J0SBQ2gOKZlEgUN6vDYJxIFDYbgKPASBQ14tFrJEgUNUk1bIRIFDdGFyLghOjPq5EZxRW4=?alt=proto" (specified by argument number 12)  	[MsgId: MMSG-26576]
Action.c(262): Warning -26630: HTTP Status-Code=400 (Bad Request) for "https://content-autofill.googleapis.com/v1/pages/ChVDaHJvbWUvMTIwLjAuNjA5OS4xMzASWAlgdZD1gGcJJRIFDR87IvsSBQ2U1FseEgUNRmcVfRIFDfKo5J0SBQ2gOKZlEgUN6vDYJxIFDYbgKPASBQ14tFrJEgUNUk1bIRIFDdGFyLghOjPq5EZxRW4=?alt=proto"  	[MsgId: MWAR-26630]
Action.c(262): web_custom_request("pageunloads") highest severity level was "warning", 94 body bytes, 876 header bytes  	[MsgId: MMSG-26388]
Action.c(280): Notify: Transaction "choose the flight transaction" ended with a "Pass" status (Duration: 18.7958 Think Time: 16.0017 Wasted Time: 0.0000).	[MsgId: MMSG-16870]
Action.c(282): Error: Cannot start transaction "details filling transaction". This Vuser already started a transaction with the same name, and has not yet processed the corresponding lr_end_transaction statement.	[MsgId: MERR-16993]
End auto log messages stack.	[MsgId: MMSG-10544]


Start auto log messages stack - Iteration 4.	[MsgId: MMSG-10545]
Action.c(262): Downloading resource "https://content-autofill.googleapis.com/v1/pages/ChVDaHJvbWUvMTIwLjAuNjA5OS4xMzASWAlgdZD1gGcJJRIFDR87IvsSBQ2U1FseEgUNRmcVfRIFDfKo5J0SBQ2gOKZlEgUN6vDYJxIFDYbgKPASBQ14tFrJEgUNUk1bIRIFDdGFyLghOjPq5EZxRW4=?alt=proto" (specified by argument number 12)  	[MsgId: MMSG-26576]
Action.c(262): Warning -26630: HTTP Status-Code=400 (Bad Request) for "https://content-autofill.googleapis.com/v1/pages/ChVDaHJvbWUvMTIwLjAuNjA5OS4xMzASWAlgdZD1gGcJJRIFDR87IvsSBQ2U1FseEgUNRmcVfRIFDfKo5J0SBQ2gOKZlEgUN6vDYJxIFDYbgKPASBQ14tFrJEgUNUk1bIRIFDdGFyLghOjPq5EZxRW4=?alt=proto"  	[MsgId: MWAR-26630]
Action.c(262): web_custom_request("pageunloads") highest severity level was "warning", 94 body bytes, 876 header bytes  	[MsgId: MMSG-26388]
Action.c(280): Notify: Transaction "choose the flight transaction" ended with a "Pass" status (Duration: 18.4082 Think Time: 16.0114 Wasted Time: 0.0000).	[MsgId: MMSG-16870]
Action.c(282): Error: Cannot start transaction "details filling transaction". This Vuser already started a transaction with the same name, and has not yet processed the corresponding lr_end_transaction statement.	[MsgId: MERR-16993]
End auto log messages stack.	[MsgId: MMSG-10544]


Start auto log messages stack - Iteration 4.	[MsgId: MMSG-10545]
Action.c(262): Downloading resource "https://content-autofill.googleapis.com/v1/pages/ChVDaHJvbWUvMTIwLjAuNjA5OS4xMzASWAlgdZD1gGcJJRIFDR87IvsSBQ2U1FseEgUNRmcVfRIFDfKo5J0SBQ2gOKZlEgUN6vDYJxIFDYbgKPASBQ14tFrJEgUNUk1bIRIFDdGFyLghOjPq5EZxRW4=?alt=proto" (specified by argument number 12)  	[MsgId: MMSG-26576]
Action.c(262): Warning -26630: HTTP Status-Code=400 (Bad Request) for "https://content-autofill.googleapis.com/v1/pages/ChVDaHJvbWUvMTIwLjAuNjA5OS4xMzASWAlgdZD1gGcJJRIFDR87IvsSBQ2U1FseEgUNRmcVfRIFDfKo5J0SBQ2gOKZlEgUN6vDYJxIFDYbgKPASBQ14tFrJEgUNUk1bIRIFDdGFyLghOjPq5EZxRW4=?alt=proto"  	[MsgId: MWAR-26630]
Action.c(262): web_custom_request("pageunloads") highest severity level was "warning", 94 body bytes, 876 header bytes  	[MsgId: MMSG-26388]
Action.c(280): Notify: Transaction "choose the flight transaction" ended with a "Pass" status (Duration: 18.7401 Think Time: 16.0144 Wasted Time: 0.0000).	[MsgId: MMSG-16870]
Action.c(282): Error: Cannot start transaction "details filling transaction". This Vuser already started a transaction with the same name, and has not yet processed the corresponding lr_end_transaction statement.	[MsgId: MERR-16993]
End auto log messages stack.	[MsgId: MMSG-10544]


