Virtual User Script started at: 1/2/2024 12:56:59 PM
Starting action vuser_init.
Web Turbo Replay of LoadRunner 2023.0.0 for Windows 10; build 506 (Mar 08 2023 13:11:40)  	[MsgId: MMSG-26983]
Run mode: HTML  	[MsgId: MMSG-26993]
Replay user agent: Mozilla/5.0 (Windows NT 10.0; Win64; x64) AppleWebKit/537.36 (KHTML, like Gecko) Chrome/120.0.0.0 Safari/537.36  	[MsgId: MMSG-26988]
Runtime Settings file: "C:\Users\Sai\OneDrive\Documents\VuGen\Scripts\WebHttpHtml7\\default.cfg"  	[MsgId: MMSG-27141]
Ending action vuser_init.
Running Vuser...
Starting iteration 1.
Maximum number of concurrent connections per server: 6  	[MsgId: MMSG-26989]
Starting action close.
close.c(6): web_url("Order.action") started  	[MsgId: MMSG-26355]
close.c(6): ssl_handle_status encounter error : SSL_ERROR_SSL, error message : error:0A000410:SSL routines::sslv3 alert handshake failure  	[MsgId: MMSG-26000]
close.c(6): Error -27774: SSL protocol error when attempting to connect with host "petstore.octoperf.com"  	[MsgId: MERR-27774]
close.c(6): Error -27760: Request "https://petstore.octoperf.com/actions/Order.action?newOrderForm=" failed  	[MsgId: MERR-27760]
close.c(6): web_url("Order.action") highest severity level was "ERROR", 0 body bytes, 0 header bytes  	[MsgId: MMSG-26388]
Ending action close.
Ending iteration 1.
Ending Vuser...
Starting action vuser_end.
Ending action vuser_end.
Vuser Terminated.
