Virtual User Script started at: 1/2/2024 2:15:48 PM
Starting action vuser_init.
Web Turbo Replay of LoadRunner 2023.0.0 for Windows 10; build 506 (Mar 08 2023 13:11:40)  	[MsgId: MMSG-26983]
Run mode: HTML  	[MsgId: MMSG-26993]
Replay user agent: Mozilla/5.0 (Windows NT 10.0; Win64; x64) AppleWebKit/537.36 (KHTML, like Gecko) Chrome/120.0.0.0 Safari/537.36  	[MsgId: MMSG-26988]
Runtime Settings file: "C:\Users\Sai\OneDrive\Documents\VuGen\Scripts\WebHttpHtml11\\default.cfg"  	[MsgId: MMSG-27141]
Ending action vuser_init.
Running Vuser...
Starting iteration 1.
Maximum number of concurrent connections per server: 6  	[MsgId: MMSG-26989]
Starting action Action.
Action.c(4): web_set_sockets_option started  	[MsgId: MMSG-26355]
Action.c(4): web_set_sockets_option was successful  	[MsgId: MMSG-26392]
Action.c(6): web_url("petstore.octoperf.com") started  	[MsgId: MMSG-26355]
Action.c(6): Found resource "https://petstore.octoperf.com/css/jpetstore.css" in HTML "https://petstore.octoperf.com/"  	[MsgId: MMSG-26659]
Action.c(6): web_url("petstore.octoperf.com") was successful, 6835 body bytes, 567 header bytes  	[MsgId: MMSG-26386]
Action.c(15): lr_think_time: 7.00 seconds.
Action.c(17): web_link("Enter the Store") started  	[MsgId: MMSG-26355]
Action.c(17): Linking to "https://petstore.octoperf.com/actions/Catalog.action", Target Frame=""  	[MsgId: MMSG-27994]
Action.c(17): Resource "https://petstore.octoperf.com/css/jpetstore.css" is in the cache already and will not be downloaded again  	[MsgId: MMSG-26655]
Action.c(17): Found resource "https://petstore.octoperf.com/images/logo-topbar.gif" in HTML "https://petstore.octoperf.com/actions/Catalog.action"  	[MsgId: MMSG-26659]
Action.c(17): Found resource "https://petstore.octoperf.com/images/cart.gif" in HTML "https://petstore.octoperf.com/actions/Catalog.action"  	[MsgId: MMSG-26659]
Action.c(17): Found resource "https://petstore.octoperf.com/images/separator.gif" in HTML "https://petstore.octoperf.com/actions/Catalog.action"  	[MsgId: MMSG-26659]
Action.c(17): Found resource "https://petstore.octoperf.com/images/sm_fish.gif" in HTML "https://petstore.octoperf.com/actions/Catalog.action"  	[MsgId: MMSG-26659]
Action.c(17): Found resource "https://petstore.octoperf.com/images/sm_dogs.gif" in HTML "https://petstore.octoperf.com/actions/Catalog.action"  	[MsgId: MMSG-26659]
Action.c(17): Found resource "https://petstore.octoperf.com/images/sm_reptiles.gif" in HTML "https://petstore.octoperf.com/actions/Catalog.action"  	[MsgId: MMSG-26659]
Action.c(17): Found resource "https://petstore.octoperf.com/images/sm_cats.gif" in HTML "https://petstore.octoperf.com/actions/Catalog.action"  	[MsgId: MMSG-26659]
Action.c(17): Found resource "https://petstore.octoperf.com/images/sm_birds.gif" in HTML "https://petstore.octoperf.com/actions/Catalog.action"  	[MsgId: MMSG-26659]
Action.c(17): Found resource "https://petstore.octoperf.com/images/fish_icon.gif" in HTML "https://petstore.octoperf.com/actions/Catalog.action"  	[MsgId: MMSG-26659]
Action.c(17): Found resource "https://petstore.octoperf.com/images/dogs_icon.gif" in HTML "https://petstore.octoperf.com/actions/Catalog.action"  	[MsgId: MMSG-26659]
Action.c(17): Found resource "https://petstore.octoperf.com/images/cats_icon.gif" in HTML "https://petstore.octoperf.com/actions/Catalog.action"  	[MsgId: MMSG-26659]
Action.c(17): Found resource "https://petstore.octoperf.com/images/reptiles_icon.gif" in HTML "https://petstore.octoperf.com/actions/Catalog.action"  	[MsgId: MMSG-26659]
Action.c(17): Downloading resource "https://content-autofill.googleapis.com/v1/pages/ChVDaHJvbWUvMTIwLjAuNjA5OS4xMzASGQnfh7zKjxssDxIFDQKP-2ghBmzWW-umemo=?alt=proto" (specified by argument number 5)  	[MsgId: MMSG-26576]
Action.c(17): Found resource "https://petstore.octoperf.com/images/birds_icon.gif" in HTML "https://petstore.octoperf.com/actions/Catalog.action"  	[MsgId: MMSG-26659]
Action.c(17): Found resource "https://petstore.octoperf.com/images/splash.gif" in HTML "https://petstore.octoperf.com/actions/Catalog.action"  	[MsgId: MMSG-26659]
Action.c(17): Warning -26630: HTTP Status-Code=400 (Bad Request) for "https://content-autofill.googleapis.com/v1/pages/ChVDaHJvbWUvMTIwLjAuNjA5OS4xMzASGQnfh7zKjxssDxIFDQKP-2ghBmzWW-umemo=?alt=proto"  	[MsgId: MWAR-26630]
Action.c(17): web_link("Enter the Store") highest severity level was "warning", 49230 body bytes, 4617 header bytes  	[MsgId: MMSG-26388]
Action.c(24): web_set_sockets_option started  	[MsgId: MMSG-26355]
Action.c(24): web_set_sockets_option was successful  	[MsgId: MMSG-26392]
Action.c(26): lr_think_time: 7.00 seconds.
Action.c(28): web_image("sm_birds.gif") started  	[MsgId: MMSG-26355]
Action.c(28): Image-linking to "https://petstore.octoperf.com/actions/Catalog.action;jsessionid=E0C67F7B418730DD8BC8D5A82D93D4B3?viewCategory=&categoryId=BIRDS", Target Frame=""  	[MsgId: MMSG-27993]
Action.c(28): Resource "https://petstore.octoperf.com/css/jpetstore.css" is in the cache already and will not be downloaded again  	[MsgId: MMSG-26655]
Action.c(28): Resource "https://petstore.octoperf.com/images/logo-topbar.gif" is in the cache already and will not be downloaded again  	[MsgId: MMSG-26655]
Action.c(28): Resource "https://petstore.octoperf.com/images/cart.gif" is in the cache already and will not be downloaded again  	[MsgId: MMSG-26655]
Action.c(28): Resource "https://petstore.octoperf.com/images/separator.gif" is in the cache already and will not be downloaded again  	[MsgId: MMSG-26655]
Action.c(28): Resource "https://petstore.octoperf.com/images/sm_fish.gif" is in the cache already and will not be downloaded again  	[MsgId: MMSG-26655]
Action.c(28): Resource "https://petstore.octoperf.com/images/sm_dogs.gif" is in the cache already and will not be downloaded again  	[MsgId: MMSG-26655]
Action.c(28): Resource "https://petstore.octoperf.com/images/sm_reptiles.gif" is in the cache already and will not be downloaded again  	[MsgId: MMSG-26655]
Action.c(28): Resource "https://petstore.octoperf.com/images/sm_cats.gif" is in the cache already and will not be downloaded again  	[MsgId: MMSG-26655]
Action.c(28): Resource "https://petstore.octoperf.com/images/sm_birds.gif" is in the cache already and will not be downloaded again  	[MsgId: MMSG-26655]
Action.c(28): web_image("sm_birds.gif") was successful, 3195 body bytes, 222 header bytes  	[MsgId: MMSG-26386]
Action.c(33): web_link("AV-CB-01") started  	[MsgId: MMSG-26355]
Action.c(33): Linking to "https://petstore.octoperf.com/actions/Catalog.action?viewProduct=&productId=AV-CB-01", Target Frame=""  	[MsgId: MMSG-27994]
Action.c(33): Resource "https://petstore.octoperf.com/css/jpetstore.css" is in the cache already and will not be downloaded again  	[MsgId: MMSG-26655]
Action.c(33): Resource "https://petstore.octoperf.com/images/logo-topbar.gif" is in the cache already and will not be downloaded again  	[MsgId: MMSG-26655]
Action.c(33): Resource "https://petstore.octoperf.com/images/cart.gif" is in the cache already and will not be downloaded again  	[MsgId: MMSG-26655]
Action.c(33): Resource "https://petstore.octoperf.com/images/separator.gif" is in the cache already and will not be downloaded again  	[MsgId: MMSG-26655]
Action.c(33): Resource "https://petstore.octoperf.com/images/sm_fish.gif" is in the cache already and will not be downloaded again  	[MsgId: MMSG-26655]
Action.c(33): Resource "https://petstore.octoperf.com/images/sm_dogs.gif" is in the cache already and will not be downloaded again  	[MsgId: MMSG-26655]
Action.c(33): Resource "https://petstore.octoperf.com/images/sm_reptiles.gif" is in the cache already and will not be downloaded again  	[MsgId: MMSG-26655]
Action.c(33): Resource "https://petstore.octoperf.com/images/sm_cats.gif" is in the cache already and will not be downloaded again  	[MsgId: MMSG-26655]
Action.c(33): Resource "https://petstore.octoperf.com/images/sm_birds.gif" is in the cache already and will not be downloaded again  	[MsgId: MMSG-26655]
Action.c(33): web_link("AV-CB-01") was successful, 3366 body bytes, 222 header bytes  	[MsgId: MMSG-26386]
Action.c(38): web_link("Add to Cart") started  	[MsgId: MMSG-26355]
Action.c(38): Linking to "https://petstore.octoperf.com/actions/Cart.action?addItemToCart=&workingItemId=EST-18", Target Frame=""  	[MsgId: MMSG-27994]
Action.c(38): Resource "https://petstore.octoperf.com/css/jpetstore.css" is in the cache already and will not be downloaded again  	[MsgId: MMSG-26655]
Action.c(38): Resource "https://petstore.octoperf.com/images/logo-topbar.gif" is in the cache already and will not be downloaded again  	[MsgId: MMSG-26655]
Action.c(38): Resource "https://petstore.octoperf.com/images/cart.gif" is in the cache already and will not be downloaded again  	[MsgId: MMSG-26655]
Action.c(38): Resource "https://petstore.octoperf.com/images/separator.gif" is in the cache already and will not be downloaded again  	[MsgId: MMSG-26655]
Action.c(38): Resource "https://petstore.octoperf.com/images/sm_fish.gif" is in the cache already and will not be downloaded again  	[MsgId: MMSG-26655]
Action.c(38): Resource "https://petstore.octoperf.com/images/sm_dogs.gif" is in the cache already and will not be downloaded again  	[MsgId: MMSG-26655]
Action.c(38): Resource "https://petstore.octoperf.com/images/sm_reptiles.gif" is in the cache already and will not be downloaded again  	[MsgId: MMSG-26655]
Action.c(38): Resource "https://petstore.octoperf.com/images/sm_cats.gif" is in the cache already and will not be downloaded again  	[MsgId: MMSG-26655]
Action.c(38): Resource "https://petstore.octoperf.com/images/sm_birds.gif" is in the cache already and will not be downloaded again  	[MsgId: MMSG-26655]
Action.c(38): Downloading resource "https://content-autofill.googleapis.com/v1/pages/ChVDaHJvbWUvMTIwLjAuNjA5OS4xMzASGQnfh7zKjxssDxIFDQKP-2gh3cZDcNVS_yMSGQnYLAkiFaax1RIFDYspO10h3cZDcNVS_yM=?alt=proto" (specified by argument number 5)  	[MsgId: MMSG-26576]
Action.c(38): Warning -26630: HTTP Status-Code=400 (Bad Request) for "https://content-autofill.googleapis.com/v1/pages/ChVDaHJvbWUvMTIwLjAuNjA5OS4xMzASGQnfh7zKjxssDxIFDQKP-2gh3cZDcNVS_yMSGQnYLAkiFaax1RIFDYspO10h3cZDcNVS_yM=?alt=proto"  	[MsgId: MWAR-26630]
Action.c(38): web_link("Add to Cart") highest severity level was "warning", 4302 body bytes, 592 header bytes  	[MsgId: MMSG-26388]
Action.c(45): lr_think_time: 5.00 seconds.
Action.c(47): web_link("Proceed to Checkout") started  	[MsgId: MMSG-26355]
Action.c(47): Linking to "https://petstore.octoperf.com/actions/Order.action?newOrderForm=", Target Frame=""  	[MsgId: MMSG-27994]
Action.c(47): Resource "https://petstore.octoperf.com/css/jpetstore.css" is in the cache already and will not be downloaded again  	[MsgId: MMSG-26655]
Action.c(47): Resource "https://petstore.octoperf.com/images/logo-topbar.gif" is in the cache already and will not be downloaded again  	[MsgId: MMSG-26655]
Action.c(47): Resource "https://petstore.octoperf.com/images/cart.gif" is in the cache already and will not be downloaded again  	[MsgId: MMSG-26655]
Action.c(47): Resource "https://petstore.octoperf.com/images/separator.gif" is in the cache already and will not be downloaded again  	[MsgId: MMSG-26655]
Action.c(47): Resource "https://petstore.octoperf.com/images/sm_fish.gif" is in the cache already and will not be downloaded again  	[MsgId: MMSG-26655]
Action.c(47): Resource "https://petstore.octoperf.com/images/sm_dogs.gif" is in the cache already and will not be downloaded again  	[MsgId: MMSG-26655]
Action.c(47): Resource "https://petstore.octoperf.com/images/sm_reptiles.gif" is in the cache already and will not be downloaded again  	[MsgId: MMSG-26655]
Action.c(47): Resource "https://petstore.octoperf.com/images/sm_cats.gif" is in the cache already and will not be downloaded again  	[MsgId: MMSG-26655]
Action.c(47): Resource "https://petstore.octoperf.com/images/sm_birds.gif" is in the cache already and will not be downloaded again  	[MsgId: MMSG-26655]
Action.c(47): web_link("Proceed to Checkout") was successful, 3751 body bytes, 222 header bytes  	[MsgId: MMSG-26386]
Ending action Action.
Ending iteration 1.
Ending Vuser...
Starting action vuser_end.
Ending action vuser_end.
Vuser Terminated.
