Start auto log messages stack - Iteration 1.	[MsgId: MMSG-10545]
Action.c(228): web_set_sockets_option started  	[MsgId: MMSG-26355]
Action.c(228): web_set_sockets_option was successful  	[MsgId: MMSG-26392]
Action.c(231): web_reg_save_param_regexp started  	[MsgId: MMSG-26355]
Action.c(231): Registering web_reg_save_param_regexp was successful  	[MsgId: MMSG-26390]
Action.c(239): web_url("655606527") started  	[MsgId: MMSG-26355]
Action.c(239): Downloading resource "https://content-autofill.googleapis.com/v1/pages/ChVDaHJvbWUvMTIwLjAuNjA5OS4xMzASUQkAV538LJqhZBIFDeeNQA4SBQ3OQUx6EgUNeG8SGRIFDQ8WvisSBQ2E5pjgEgUN9nKYWRIFDcd2OFASBQ1axjztEgUNcpdcLyG_nUdXxrOJoA==?alt=proto" (specified by argument number 9)  	[MsgId: MMSG-26576]
Action.c(239): Error -26611: HTTP Status-Code=500 (Internal Server Error) for "https://advantageonlineshopping.com/order/api/v1/carts/655606527"  	[MsgId: MERR-26611]
Start auto log messages stack - Iteration 1.	[MsgId: MMSG-10545]
Action.c(228): web_set_sockets_option started  	[MsgId: MMSG-26355]
Action.c(228): web_set_sockets_option was successful  	[MsgId: MMSG-26392]
Action.c(231): web_reg_save_param_regexp started  	[MsgId: MMSG-26355]
Action.c(231): Registering web_reg_save_param_regexp was successful  	[MsgId: MMSG-26390]
Action.c(239): web_url("655606527") started  	[MsgId: MMSG-26355]
Action.c(239): Downloading resource "https://content-autofill.googleapis.com/v1/pages/ChVDaHJvbWUvMTIwLjAuNjA5OS4xMzASUQkAV538LJqhZBIFDeeNQA4SBQ3OQUx6EgUNeG8SGRIFDQ8WvisSBQ2E5pjgEgUN9nKYWRIFDcd2OFASBQ1axjztEgUNcpdcLyG_nUdXxrOJoA==?alt=proto" (specified by argument number 9)  	[MsgId: MMSG-26576]
Action.c(239): Error -26611: HTTP Status-Code=500 (Internal Server Error) for "https://advantageonlineshopping.com/order/api/v1/carts/655606527"  	[MsgId: MERR-26611]
End auto log messages stack.	[MsgId: MMSG-10544]


Start auto log messages stack - Iteration 1.	[MsgId: MMSG-10545]
Action.c(239): Warning -26630: HTTP Status-Code=400 (Bad Request) for "https://content-autofill.googleapis.com/v1/pages/ChVDaHJvbWUvMTIwLjAuNjA5OS4xMzASUQkAV538LJqhZBIFDeeNQA4SBQ3OQUx6EgUNeG8SGRIFDQ8WvisSBQ2E5pjgEgUN9nKYWRIFDcd2OFASBQ1axjztEgUNcpdcLyG_nUdXxrOJoA==?alt=proto"  	[MsgId: MWAR-26630]
Action.c(239): Error -35049: No match found for the requested parameter "sessionId". Check whether the requested regular expression exists in the response data  	[MsgId: MERR-35049]
End auto log messages stack.	[MsgId: MMSG-10544]


End auto log messages stack.	[MsgId: MMSG-10544]


Start auto log messages stack - Iteration 1.	[MsgId: MMSG-10545]
Action.c(239): Warning -26630: HTTP Status-Code=400 (Bad Request) for "https://content-autofill.googleapis.com/v1/pages/ChVDaHJvbWUvMTIwLjAuNjA5OS4xMzASUQkAV538LJqhZBIFDeeNQA4SBQ3OQUx6EgUNeG8SGRIFDQ8WvisSBQ2E5pjgEgUN9nKYWRIFDcd2OFASBQ1axjztEgUNcpdcLyG_nUdXxrOJoA==?alt=proto"  	[MsgId: MWAR-26630]
Action.c(239): Error -35049: No match found for the requested parameter "sessionId". Check whether the requested regular expression exists in the response data  	[MsgId: MERR-35049]
End auto log messages stack.	[MsgId: MMSG-10544]


Start auto log messages stack - Iteration 1.	[MsgId: MMSG-10545]
Action.c(228): web_set_sockets_option started  	[MsgId: MMSG-26355]
Action.c(228): web_set_sockets_option was successful  	[MsgId: MMSG-26392]
Action.c(231): web_reg_save_param_regexp started  	[MsgId: MMSG-26355]
Action.c(231): Registering web_reg_save_param_regexp was successful  	[MsgId: MMSG-26390]
Action.c(239): web_url("655606527") started  	[MsgId: MMSG-26355]
Action.c(239): Downloading resource "https://content-autofill.googleapis.com/v1/pages/ChVDaHJvbWUvMTIwLjAuNjA5OS4xMzASUQkAV538LJqhZBIFDeeNQA4SBQ3OQUx6EgUNeG8SGRIFDQ8WvisSBQ2E5pjgEgUN9nKYWRIFDcd2OFASBQ1axjztEgUNcpdcLyG_nUdXxrOJoA==?alt=proto" (specified by argument number 9)  	[MsgId: MMSG-26576]
Action.c(239): Error -26611: HTTP Status-Code=500 (Internal Server Error) for "https://advantageonlineshopping.com/order/api/v1/carts/655606527"  	[MsgId: MERR-26611]
End auto log messages stack.	[MsgId: MMSG-10544]


Start auto log messages stack - Iteration 1.	[MsgId: MMSG-10545]
Action.c(239): Warning -26630: HTTP Status-Code=400 (Bad Request) for "https://content-autofill.googleapis.com/v1/pages/ChVDaHJvbWUvMTIwLjAuNjA5OS4xMzASUQkAV538LJqhZBIFDeeNQA4SBQ3OQUx6EgUNeG8SGRIFDQ8WvisSBQ2E5pjgEgUN9nKYWRIFDcd2OFASBQ1axjztEgUNcpdcLyG_nUdXxrOJoA==?alt=proto"  	[MsgId: MWAR-26630]
Action.c(239): Error -35049: No match found for the requested parameter "sessionId". Check whether the requested regular expression exists in the response data  	[MsgId: MERR-35049]
End auto log messages stack.	[MsgId: MMSG-10544]


Start auto log messages stack - Iteration 1.	[MsgId: MMSG-10545]
Action.c(228): web_set_sockets_option started  	[MsgId: MMSG-26355]
Action.c(228): web_set_sockets_option was successful  	[MsgId: MMSG-26392]
Action.c(231): web_reg_save_param_regexp started  	[MsgId: MMSG-26355]
Action.c(231): Registering web_reg_save_param_regexp was successful  	[MsgId: MMSG-26390]
Action.c(239): web_url("655606527") started  	[MsgId: MMSG-26355]
Action.c(239): Downloading resource "https://content-autofill.googleapis.com/v1/pages/ChVDaHJvbWUvMTIwLjAuNjA5OS4xMzASUQkAV538LJqhZBIFDeeNQA4SBQ3OQUx6EgUNeG8SGRIFDQ8WvisSBQ2E5pjgEgUN9nKYWRIFDcd2OFASBQ1axjztEgUNcpdcLyG_nUdXxrOJoA==?alt=proto" (specified by argument number 9)  	[MsgId: MMSG-26576]
Action.c(239): Error -26611: HTTP Status-Code=500 (Internal Server Error) for "https://advantageonlineshopping.com/order/api/v1/carts/655606527"  	[MsgId: MERR-26611]
End auto log messages stack.	[MsgId: MMSG-10544]


Start auto log messages stack - Iteration 1.	[MsgId: MMSG-10545]
Action.c(239): Warning -26630: HTTP Status-Code=400 (Bad Request) for "https://content-autofill.googleapis.com/v1/pages/ChVDaHJvbWUvMTIwLjAuNjA5OS4xMzASUQkAV538LJqhZBIFDeeNQA4SBQ3OQUx6EgUNeG8SGRIFDQ8WvisSBQ2E5pjgEgUN9nKYWRIFDcd2OFASBQ1axjztEgUNcpdcLyG_nUdXxrOJoA==?alt=proto"  	[MsgId: MWAR-26630]
Action.c(239): Error -35049: No match found for the requested parameter "sessionId". Check whether the requested regular expression exists in the response data  	[MsgId: MERR-35049]
End auto log messages stack.	[MsgId: MMSG-10544]


Start auto log messages stack - Iteration 1.	[MsgId: MMSG-10545]
Action.c(228): web_set_sockets_option started  	[MsgId: MMSG-26355]
Action.c(228): web_set_sockets_option was successful  	[MsgId: MMSG-26392]
Action.c(231): web_reg_save_param_regexp started  	[MsgId: MMSG-26355]
Action.c(231): Registering web_reg_save_param_regexp was successful  	[MsgId: MMSG-26390]
Action.c(239): web_url("655606527") started  	[MsgId: MMSG-26355]
Action.c(239): Downloading resource "https://content-autofill.googleapis.com/v1/pages/ChVDaHJvbWUvMTIwLjAuNjA5OS4xMzASUQkAV538LJqhZBIFDeeNQA4SBQ3OQUx6EgUNeG8SGRIFDQ8WvisSBQ2E5pjgEgUN9nKYWRIFDcd2OFASBQ1axjztEgUNcpdcLyG_nUdXxrOJoA==?alt=proto" (specified by argument number 9)  	[MsgId: MMSG-26576]
Action.c(239): Error -26611: HTTP Status-Code=500 (Internal Server Error) for "https://advantageonlineshopping.com/order/api/v1/carts/655606527"  	[MsgId: MERR-26611]
End auto log messages stack.	[MsgId: MMSG-10544]


Start auto log messages stack - Iteration 1.	[MsgId: MMSG-10545]
Action.c(239): Warning -26630: HTTP Status-Code=400 (Bad Request) for "https://content-autofill.googleapis.com/v1/pages/ChVDaHJvbWUvMTIwLjAuNjA5OS4xMzASUQkAV538LJqhZBIFDeeNQA4SBQ3OQUx6EgUNeG8SGRIFDQ8WvisSBQ2E5pjgEgUN9nKYWRIFDcd2OFASBQ1axjztEgUNcpdcLyG_nUdXxrOJoA==?alt=proto"  	[MsgId: MWAR-26630]
Action.c(239): Error -35049: No match found for the requested parameter "sessionId". Check whether the requested regular expression exists in the response data  	[MsgId: MERR-35049]
End auto log messages stack.	[MsgId: MMSG-10544]


Start auto log messages stack - Iteration 1.	[MsgId: MMSG-10545]
Action.c(228): web_set_sockets_option started  	[MsgId: MMSG-26355]
Action.c(228): web_set_sockets_option was successful  	[MsgId: MMSG-26392]
Action.c(231): web_reg_save_param_regexp started  	[MsgId: MMSG-26355]
Action.c(231): Registering web_reg_save_param_regexp was successful  	[MsgId: MMSG-26390]
Action.c(239): web_url("655606527") started  	[MsgId: MMSG-26355]
Action.c(239): Downloading resource "https://content-autofill.googleapis.com/v1/pages/ChVDaHJvbWUvMTIwLjAuNjA5OS4xMzASUQkAV538LJqhZBIFDeeNQA4SBQ3OQUx6EgUNeG8SGRIFDQ8WvisSBQ2E5pjgEgUN9nKYWRIFDcd2OFASBQ1axjztEgUNcpdcLyG_nUdXxrOJoA==?alt=proto" (specified by argument number 9)  	[MsgId: MMSG-26576]
Action.c(239): Error -26611: HTTP Status-Code=500 (Internal Server Error) for "https://advantageonlineshopping.com/order/api/v1/carts/655606527"  	[MsgId: MERR-26611]
End auto log messages stack.	[MsgId: MMSG-10544]


Start auto log messages stack - Iteration 1.	[MsgId: MMSG-10545]
Action.c(239): Warning -26630: HTTP Status-Code=400 (Bad Request) for "https://content-autofill.googleapis.com/v1/pages/ChVDaHJvbWUvMTIwLjAuNjA5OS4xMzASUQkAV538LJqhZBIFDeeNQA4SBQ3OQUx6EgUNeG8SGRIFDQ8WvisSBQ2E5pjgEgUN9nKYWRIFDcd2OFASBQ1axjztEgUNcpdcLyG_nUdXxrOJoA==?alt=proto"  	[MsgId: MWAR-26630]
Action.c(239): Error -35049: No match found for the requested parameter "sessionId". Check whether the requested regular expression exists in the response data  	[MsgId: MERR-35049]
End auto log messages stack.	[MsgId: MMSG-10544]


Start auto log messages stack - Iteration 1.	[MsgId: MMSG-10545]
Action.c(228): web_set_sockets_option started  	[MsgId: MMSG-26355]
Action.c(228): web_set_sockets_option was successful  	[MsgId: MMSG-26392]
Action.c(231): web_reg_save_param_regexp started  	[MsgId: MMSG-26355]
Action.c(231): Registering web_reg_save_param_regexp was successful  	[MsgId: MMSG-26390]
Action.c(239): web_url("655606527") started  	[MsgId: MMSG-26355]
Action.c(239): Downloading resource "https://content-autofill.googleapis.com/v1/pages/ChVDaHJvbWUvMTIwLjAuNjA5OS4xMzASUQkAV538LJqhZBIFDeeNQA4SBQ3OQUx6EgUNeG8SGRIFDQ8WvisSBQ2E5pjgEgUN9nKYWRIFDcd2OFASBQ1axjztEgUNcpdcLyG_nUdXxrOJoA==?alt=proto" (specified by argument number 9)  	[MsgId: MMSG-26576]
Action.c(239): Error -26611: HTTP Status-Code=500 (Internal Server Error) for "https://advantageonlineshopping.com/order/api/v1/carts/655606527"  	[MsgId: MERR-26611]
End auto log messages stack.	[MsgId: MMSG-10544]


Start auto log messages stack - Iteration 1.	[MsgId: MMSG-10545]
Action.c(239): Warning -26630: HTTP Status-Code=400 (Bad Request) for "https://content-autofill.googleapis.com/v1/pages/ChVDaHJvbWUvMTIwLjAuNjA5OS4xMzASUQkAV538LJqhZBIFDeeNQA4SBQ3OQUx6EgUNeG8SGRIFDQ8WvisSBQ2E5pjgEgUN9nKYWRIFDcd2OFASBQ1axjztEgUNcpdcLyG_nUdXxrOJoA==?alt=proto"  	[MsgId: MWAR-26630]
Action.c(239): Error -35049: No match found for the requested parameter "sessionId". Check whether the requested regular expression exists in the response data  	[MsgId: MERR-35049]
End auto log messages stack.	[MsgId: MMSG-10544]


Start auto log messages stack - Iteration 1.	[MsgId: MMSG-10545]
Action.c(228): web_set_sockets_option started  	[MsgId: MMSG-26355]
Action.c(228): web_set_sockets_option was successful  	[MsgId: MMSG-26392]
Action.c(231): web_reg_save_param_regexp started  	[MsgId: MMSG-26355]
Action.c(231): Registering web_reg_save_param_regexp was successful  	[MsgId: MMSG-26390]
Action.c(239): web_url("655606527") started  	[MsgId: MMSG-26355]
Action.c(239): Downloading resource "https://content-autofill.googleapis.com/v1/pages/ChVDaHJvbWUvMTIwLjAuNjA5OS4xMzASUQkAV538LJqhZBIFDeeNQA4SBQ3OQUx6EgUNeG8SGRIFDQ8WvisSBQ2E5pjgEgUN9nKYWRIFDcd2OFASBQ1axjztEgUNcpdcLyG_nUdXxrOJoA==?alt=proto" (specified by argument number 9)  	[MsgId: MMSG-26576]
Action.c(239): Error -26611: HTTP Status-Code=500 (Internal Server Error) for "https://advantageonlineshopping.com/order/api/v1/carts/655606527"  	[MsgId: MERR-26611]
End auto log messages stack.	[MsgId: MMSG-10544]


Start auto log messages stack - Iteration 1.	[MsgId: MMSG-10545]
Action.c(239): Warning -26630: HTTP Status-Code=400 (Bad Request) for "https://content-autofill.googleapis.com/v1/pages/ChVDaHJvbWUvMTIwLjAuNjA5OS4xMzASUQkAV538LJqhZBIFDeeNQA4SBQ3OQUx6EgUNeG8SGRIFDQ8WvisSBQ2E5pjgEgUN9nKYWRIFDcd2OFASBQ1axjztEgUNcpdcLyG_nUdXxrOJoA==?alt=proto"  	[MsgId: MWAR-26630]
Action.c(239): Error -35049: No match found for the requested parameter "sessionId". Check whether the requested regular expression exists in the response data  	[MsgId: MERR-35049]
End auto log messages stack.	[MsgId: MMSG-10544]


Start auto log messages stack - Iteration 1.	[MsgId: MMSG-10545]
Action.c(228): web_set_sockets_option started  	[MsgId: MMSG-26355]
Action.c(228): web_set_sockets_option was successful  	[MsgId: MMSG-26392]
Action.c(231): web_reg_save_param_regexp started  	[MsgId: MMSG-26355]
Action.c(231): Registering web_reg_save_param_regexp was successful  	[MsgId: MMSG-26390]
Action.c(239): web_url("655606527") started  	[MsgId: MMSG-26355]
Action.c(239): Downloading resource "https://content-autofill.googleapis.com/v1/pages/ChVDaHJvbWUvMTIwLjAuNjA5OS4xMzASUQkAV538LJqhZBIFDeeNQA4SBQ3OQUx6EgUNeG8SGRIFDQ8WvisSBQ2E5pjgEgUN9nKYWRIFDcd2OFASBQ1axjztEgUNcpdcLyG_nUdXxrOJoA==?alt=proto" (specified by argument number 9)  	[MsgId: MMSG-26576]
Action.c(239): Error -26611: HTTP Status-Code=500 (Internal Server Error) for "https://advantageonlineshopping.com/order/api/v1/carts/655606527"  	[MsgId: MERR-26611]
End auto log messages stack.	[MsgId: MMSG-10544]


Start auto log messages stack - Iteration 1.	[MsgId: MMSG-10545]
Action.c(239): Warning -26630: HTTP Status-Code=400 (Bad Request) for "https://content-autofill.googleapis.com/v1/pages/ChVDaHJvbWUvMTIwLjAuNjA5OS4xMzASUQkAV538LJqhZBIFDeeNQA4SBQ3OQUx6EgUNeG8SGRIFDQ8WvisSBQ2E5pjgEgUN9nKYWRIFDcd2OFASBQ1axjztEgUNcpdcLyG_nUdXxrOJoA==?alt=proto"  	[MsgId: MWAR-26630]
Action.c(239): Error -35049: No match found for the requested parameter "sessionId". Check whether the requested regular expression exists in the response data  	[MsgId: MERR-35049]
End auto log messages stack.	[MsgId: MMSG-10544]


Start auto log messages stack - Iteration 1.	[MsgId: MMSG-10545]
Action.c(228): web_set_sockets_option started  	[MsgId: MMSG-26355]
Action.c(228): web_set_sockets_option was successful  	[MsgId: MMSG-26392]
Action.c(231): web_reg_save_param_regexp started  	[MsgId: MMSG-26355]
Action.c(231): Registering web_reg_save_param_regexp was successful  	[MsgId: MMSG-26390]
Action.c(239): web_url("655606527") started  	[MsgId: MMSG-26355]
Action.c(239): Downloading resource "https://content-autofill.googleapis.com/v1/pages/ChVDaHJvbWUvMTIwLjAuNjA5OS4xMzASUQkAV538LJqhZBIFDeeNQA4SBQ3OQUx6EgUNeG8SGRIFDQ8WvisSBQ2E5pjgEgUN9nKYWRIFDcd2OFASBQ1axjztEgUNcpdcLyG_nUdXxrOJoA==?alt=proto" (specified by argument number 9)  	[MsgId: MMSG-26576]
Action.c(239): Error -26611: HTTP Status-Code=500 (Internal Server Error) for "https://advantageonlineshopping.com/order/api/v1/carts/655606527"  	[MsgId: MERR-26611]
End auto log messages stack.	[MsgId: MMSG-10544]


Start auto log messages stack - Iteration 1.	[MsgId: MMSG-10545]
Action.c(239): Warning -26630: HTTP Status-Code=400 (Bad Request) for "https://content-autofill.googleapis.com/v1/pages/ChVDaHJvbWUvMTIwLjAuNjA5OS4xMzASUQkAV538LJqhZBIFDeeNQA4SBQ3OQUx6EgUNeG8SGRIFDQ8WvisSBQ2E5pjgEgUN9nKYWRIFDcd2OFASBQ1axjztEgUNcpdcLyG_nUdXxrOJoA==?alt=proto"  	[MsgId: MWAR-26630]
Action.c(239): Error -35049: No match found for the requested parameter "sessionId". Check whether the requested regular expression exists in the response data  	[MsgId: MERR-35049]
End auto log messages stack.	[MsgId: MMSG-10544]


Start auto log messages stack - Iteration 2.	[MsgId: MMSG-10545]
Action.c(228): web_set_sockets_option started  	[MsgId: MMSG-26355]
Action.c(228): web_set_sockets_option was successful  	[MsgId: MMSG-26392]
Action.c(231): web_reg_save_param_regexp started  	[MsgId: MMSG-26355]
Action.c(231): Registering web_reg_save_param_regexp was successful  	[MsgId: MMSG-26390]
Action.c(239): web_url("655606527") started  	[MsgId: MMSG-26355]
Action.c(239): Downloading resource "https://content-autofill.googleapis.com/v1/pages/ChVDaHJvbWUvMTIwLjAuNjA5OS4xMzASUQkAV538LJqhZBIFDeeNQA4SBQ3OQUx6EgUNeG8SGRIFDQ8WvisSBQ2E5pjgEgUN9nKYWRIFDcd2OFASBQ1axjztEgUNcpdcLyG_nUdXxrOJoA==?alt=proto" (specified by argument number 9)  	[MsgId: MMSG-26576]
Action.c(239): Error -26611: HTTP Status-Code=500 (Internal Server Error) for "https://advantageonlineshopping.com/order/api/v1/carts/655606527"  	[MsgId: MERR-26611]
End auto log messages stack.	[MsgId: MMSG-10544]


Start auto log messages stack - Iteration 2.	[MsgId: MMSG-10545]
Action.c(239): Warning -26630: HTTP Status-Code=400 (Bad Request) for "https://content-autofill.googleapis.com/v1/pages/ChVDaHJvbWUvMTIwLjAuNjA5OS4xMzASUQkAV538LJqhZBIFDeeNQA4SBQ3OQUx6EgUNeG8SGRIFDQ8WvisSBQ2E5pjgEgUN9nKYWRIFDcd2OFASBQ1axjztEgUNcpdcLyG_nUdXxrOJoA==?alt=proto"  	[MsgId: MWAR-26630]
Action.c(239): Error -35049: No match found for the requested parameter "sessionId". Check whether the requested regular expression exists in the response data  	[MsgId: MERR-35049]
End auto log messages stack.	[MsgId: MMSG-10544]


Start auto log messages stack - Iteration 2.	[MsgId: MMSG-10545]
Action.c(228): web_set_sockets_option started  	[MsgId: MMSG-26355]
Action.c(228): web_set_sockets_option was successful  	[MsgId: MMSG-26392]
Action.c(231): web_reg_save_param_regexp started  	[MsgId: MMSG-26355]
Action.c(231): Registering web_reg_save_param_regexp was successful  	[MsgId: MMSG-26390]
Action.c(239): web_url("655606527") started  	[MsgId: MMSG-26355]
Action.c(239): Downloading resource "https://content-autofill.googleapis.com/v1/pages/ChVDaHJvbWUvMTIwLjAuNjA5OS4xMzASUQkAV538LJqhZBIFDeeNQA4SBQ3OQUx6EgUNeG8SGRIFDQ8WvisSBQ2E5pjgEgUN9nKYWRIFDcd2OFASBQ1axjztEgUNcpdcLyG_nUdXxrOJoA==?alt=proto" (specified by argument number 9)  	[MsgId: MMSG-26576]
Action.c(239): Error -26611: HTTP Status-Code=500 (Internal Server Error) for "https://advantageonlineshopping.com/order/api/v1/carts/655606527"  	[MsgId: MERR-26611]
End auto log messages stack.	[MsgId: MMSG-10544]


Start auto log messages stack - Iteration 2.	[MsgId: MMSG-10545]
Action.c(239): Warning -26630: HTTP Status-Code=400 (Bad Request) for "https://content-autofill.googleapis.com/v1/pages/ChVDaHJvbWUvMTIwLjAuNjA5OS4xMzASUQkAV538LJqhZBIFDeeNQA4SBQ3OQUx6EgUNeG8SGRIFDQ8WvisSBQ2E5pjgEgUN9nKYWRIFDcd2OFASBQ1axjztEgUNcpdcLyG_nUdXxrOJoA==?alt=proto"  	[MsgId: MWAR-26630]
Action.c(239): Error -35049: No match found for the requested parameter "sessionId". Check whether the requested regular expression exists in the response data  	[MsgId: MERR-35049]
End auto log messages stack.	[MsgId: MMSG-10544]


Start auto log messages stack - Iteration 2.	[MsgId: MMSG-10545]
Action.c(228): web_set_sockets_option started  	[MsgId: MMSG-26355]
Action.c(228): web_set_sockets_option was successful  	[MsgId: MMSG-26392]
Action.c(231): web_reg_save_param_regexp started  	[MsgId: MMSG-26355]
Action.c(231): Registering web_reg_save_param_regexp was successful  	[MsgId: MMSG-26390]
Action.c(239): web_url("655606527") started  	[MsgId: MMSG-26355]
Action.c(239): Downloading resource "https://content-autofill.googleapis.com/v1/pages/ChVDaHJvbWUvMTIwLjAuNjA5OS4xMzASUQkAV538LJqhZBIFDeeNQA4SBQ3OQUx6EgUNeG8SGRIFDQ8WvisSBQ2E5pjgEgUN9nKYWRIFDcd2OFASBQ1axjztEgUNcpdcLyG_nUdXxrOJoA==?alt=proto" (specified by argument number 9)  	[MsgId: MMSG-26576]
Action.c(239): Error -26611: HTTP Status-Code=500 (Internal Server Error) for "https://advantageonlineshopping.com/order/api/v1/carts/655606527"  	[MsgId: MERR-26611]
End auto log messages stack.	[MsgId: MMSG-10544]


Start auto log messages stack - Iteration 2.	[MsgId: MMSG-10545]
Action.c(239): Warning -26630: HTTP Status-Code=400 (Bad Request) for "https://content-autofill.googleapis.com/v1/pages/ChVDaHJvbWUvMTIwLjAuNjA5OS4xMzASUQkAV538LJqhZBIFDeeNQA4SBQ3OQUx6EgUNeG8SGRIFDQ8WvisSBQ2E5pjgEgUN9nKYWRIFDcd2OFASBQ1axjztEgUNcpdcLyG_nUdXxrOJoA==?alt=proto"  	[MsgId: MWAR-26630]
Action.c(239): Error -35049: No match found for the requested parameter "sessionId". Check whether the requested regular expression exists in the response data  	[MsgId: MERR-35049]
End auto log messages stack.	[MsgId: MMSG-10544]


Start auto log messages stack - Iteration 2.	[MsgId: MMSG-10545]
Action.c(228): web_set_sockets_option started  	[MsgId: MMSG-26355]
Action.c(228): web_set_sockets_option was successful  	[MsgId: MMSG-26392]
Action.c(231): web_reg_save_param_regexp started  	[MsgId: MMSG-26355]
Action.c(231): Registering web_reg_save_param_regexp was successful  	[MsgId: MMSG-26390]
Action.c(239): web_url("655606527") started  	[MsgId: MMSG-26355]
Action.c(239): Downloading resource "https://content-autofill.googleapis.com/v1/pages/ChVDaHJvbWUvMTIwLjAuNjA5OS4xMzASUQkAV538LJqhZBIFDeeNQA4SBQ3OQUx6EgUNeG8SGRIFDQ8WvisSBQ2E5pjgEgUN9nKYWRIFDcd2OFASBQ1axjztEgUNcpdcLyG_nUdXxrOJoA==?alt=proto" (specified by argument number 9)  	[MsgId: MMSG-26576]
Action.c(239): Error -26611: HTTP Status-Code=500 (Internal Server Error) for "https://advantageonlineshopping.com/order/api/v1/carts/655606527"  	[MsgId: MERR-26611]
End auto log messages stack.	[MsgId: MMSG-10544]


Start auto log messages stack - Iteration 2.	[MsgId: MMSG-10545]
Action.c(239): Warning -26630: HTTP Status-Code=400 (Bad Request) for "https://content-autofill.googleapis.com/v1/pages/ChVDaHJvbWUvMTIwLjAuNjA5OS4xMzASUQkAV538LJqhZBIFDeeNQA4SBQ3OQUx6EgUNeG8SGRIFDQ8WvisSBQ2E5pjgEgUN9nKYWRIFDcd2OFASBQ1axjztEgUNcpdcLyG_nUdXxrOJoA==?alt=proto"  	[MsgId: MWAR-26630]
Action.c(239): Error -35049: No match found for the requested parameter "sessionId". Check whether the requested regular expression exists in the response data  	[MsgId: MERR-35049]
End auto log messages stack.	[MsgId: MMSG-10544]


Start auto log messages stack - Iteration 2.	[MsgId: MMSG-10545]
Action.c(228): web_set_sockets_option started  	[MsgId: MMSG-26355]
Action.c(228): web_set_sockets_option was successful  	[MsgId: MMSG-26392]
Action.c(231): web_reg_save_param_regexp started  	[MsgId: MMSG-26355]
Action.c(231): Registering web_reg_save_param_regexp was successful  	[MsgId: MMSG-26390]
Action.c(239): web_url("655606527") started  	[MsgId: MMSG-26355]
Action.c(239): Downloading resource "https://content-autofill.googleapis.com/v1/pages/ChVDaHJvbWUvMTIwLjAuNjA5OS4xMzASUQkAV538LJqhZBIFDeeNQA4SBQ3OQUx6EgUNeG8SGRIFDQ8WvisSBQ2E5pjgEgUN9nKYWRIFDcd2OFASBQ1axjztEgUNcpdcLyG_nUdXxrOJoA==?alt=proto" (specified by argument number 9)  	[MsgId: MMSG-26576]
Action.c(239): Error -26611: HTTP Status-Code=500 (Internal Server Error) for "https://advantageonlineshopping.com/order/api/v1/carts/655606527"  	[MsgId: MERR-26611]
End auto log messages stack.	[MsgId: MMSG-10544]


Start auto log messages stack - Iteration 2.	[MsgId: MMSG-10545]
Action.c(239): Warning -26630: HTTP Status-Code=400 (Bad Request) for "https://content-autofill.googleapis.com/v1/pages/ChVDaHJvbWUvMTIwLjAuNjA5OS4xMzASUQkAV538LJqhZBIFDeeNQA4SBQ3OQUx6EgUNeG8SGRIFDQ8WvisSBQ2E5pjgEgUN9nKYWRIFDcd2OFASBQ1axjztEgUNcpdcLyG_nUdXxrOJoA==?alt=proto"  	[MsgId: MWAR-26630]
Action.c(239): Error -35049: No match found for the requested parameter "sessionId". Check whether the requested regular expression exists in the response data  	[MsgId: MERR-35049]
End auto log messages stack.	[MsgId: MMSG-10544]


Start auto log messages stack - Iteration 2.	[MsgId: MMSG-10545]
Action.c(228): web_set_sockets_option started  	[MsgId: MMSG-26355]
Action.c(228): web_set_sockets_option was successful  	[MsgId: MMSG-26392]
Action.c(231): web_reg_save_param_regexp started  	[MsgId: MMSG-26355]
Action.c(231): Registering web_reg_save_param_regexp was successful  	[MsgId: MMSG-26390]
Action.c(239): web_url("655606527") started  	[MsgId: MMSG-26355]
Action.c(239): Downloading resource "https://content-autofill.googleapis.com/v1/pages/ChVDaHJvbWUvMTIwLjAuNjA5OS4xMzASUQkAV538LJqhZBIFDeeNQA4SBQ3OQUx6EgUNeG8SGRIFDQ8WvisSBQ2E5pjgEgUN9nKYWRIFDcd2OFASBQ1axjztEgUNcpdcLyG_nUdXxrOJoA==?alt=proto" (specified by argument number 9)  	[MsgId: MMSG-26576]
Action.c(239): Error -26611: HTTP Status-Code=500 (Internal Server Error) for "https://advantageonlineshopping.com/order/api/v1/carts/655606527"  	[MsgId: MERR-26611]
End auto log messages stack.	[MsgId: MMSG-10544]


Start auto log messages stack - Iteration 2.	[MsgId: MMSG-10545]
Action.c(239): Warning -26630: HTTP Status-Code=400 (Bad Request) for "https://content-autofill.googleapis.com/v1/pages/ChVDaHJvbWUvMTIwLjAuNjA5OS4xMzASUQkAV538LJqhZBIFDeeNQA4SBQ3OQUx6EgUNeG8SGRIFDQ8WvisSBQ2E5pjgEgUN9nKYWRIFDcd2OFASBQ1axjztEgUNcpdcLyG_nUdXxrOJoA==?alt=proto"  	[MsgId: MWAR-26630]
Action.c(239): Error -35049: No match found for the requested parameter "sessionId". Check whether the requested regular expression exists in the response data  	[MsgId: MERR-35049]
End auto log messages stack.	[MsgId: MMSG-10544]


Start auto log messages stack - Iteration 2.	[MsgId: MMSG-10545]
Action.c(228): web_set_sockets_option started  	[MsgId: MMSG-26355]
Action.c(228): web_set_sockets_option was successful  	[MsgId: MMSG-26392]
Action.c(231): web_reg_save_param_regexp started  	[MsgId: MMSG-26355]
Action.c(231): Registering web_reg_save_param_regexp was successful  	[MsgId: MMSG-26390]
Action.c(239): web_url("655606527") started  	[MsgId: MMSG-26355]
Action.c(239): Downloading resource "https://content-autofill.googleapis.com/v1/pages/ChVDaHJvbWUvMTIwLjAuNjA5OS4xMzASUQkAV538LJqhZBIFDeeNQA4SBQ3OQUx6EgUNeG8SGRIFDQ8WvisSBQ2E5pjgEgUN9nKYWRIFDcd2OFASBQ1axjztEgUNcpdcLyG_nUdXxrOJoA==?alt=proto" (specified by argument number 9)  	[MsgId: MMSG-26576]
Action.c(239): Error -26611: HTTP Status-Code=500 (Internal Server Error) for "https://advantageonlineshopping.com/order/api/v1/carts/655606527"  	[MsgId: MERR-26611]
End auto log messages stack.	[MsgId: MMSG-10544]


Start auto log messages stack - Iteration 2.	[MsgId: MMSG-10545]
Action.c(239): Warning -26630: HTTP Status-Code=400 (Bad Request) for "https://content-autofill.googleapis.com/v1/pages/ChVDaHJvbWUvMTIwLjAuNjA5OS4xMzASUQkAV538LJqhZBIFDeeNQA4SBQ3OQUx6EgUNeG8SGRIFDQ8WvisSBQ2E5pjgEgUN9nKYWRIFDcd2OFASBQ1axjztEgUNcpdcLyG_nUdXxrOJoA==?alt=proto"  	[MsgId: MWAR-26630]
Action.c(239): Error -35049: No match found for the requested parameter "sessionId". Check whether the requested regular expression exists in the response data  	[MsgId: MERR-35049]
End auto log messages stack.	[MsgId: MMSG-10544]


Start auto log messages stack - Iteration 2.	[MsgId: MMSG-10545]
Action.c(228): web_set_sockets_option started  	[MsgId: MMSG-26355]
Action.c(228): web_set_sockets_option was successful  	[MsgId: MMSG-26392]
Action.c(231): web_reg_save_param_regexp started  	[MsgId: MMSG-26355]
Action.c(231): Registering web_reg_save_param_regexp was successful  	[MsgId: MMSG-26390]
Action.c(239): web_url("655606527") started  	[MsgId: MMSG-26355]
Action.c(239): Downloading resource "https://content-autofill.googleapis.com/v1/pages/ChVDaHJvbWUvMTIwLjAuNjA5OS4xMzASUQkAV538LJqhZBIFDeeNQA4SBQ3OQUx6EgUNeG8SGRIFDQ8WvisSBQ2E5pjgEgUN9nKYWRIFDcd2OFASBQ1axjztEgUNcpdcLyG_nUdXxrOJoA==?alt=proto" (specified by argument number 9)  	[MsgId: MMSG-26576]
Action.c(239): Error -26611: HTTP Status-Code=500 (Internal Server Error) for "https://advantageonlineshopping.com/order/api/v1/carts/655606527"  	[MsgId: MERR-26611]
End auto log messages stack.	[MsgId: MMSG-10544]


Start auto log messages stack - Iteration 2.	[MsgId: MMSG-10545]
Action.c(239): Warning -26630: HTTP Status-Code=400 (Bad Request) for "https://content-autofill.googleapis.com/v1/pages/ChVDaHJvbWUvMTIwLjAuNjA5OS4xMzASUQkAV538LJqhZBIFDeeNQA4SBQ3OQUx6EgUNeG8SGRIFDQ8WvisSBQ2E5pjgEgUN9nKYWRIFDcd2OFASBQ1axjztEgUNcpdcLyG_nUdXxrOJoA==?alt=proto"  	[MsgId: MWAR-26630]
Action.c(239): Error -35049: No match found for the requested parameter "sessionId". Check whether the requested regular expression exists in the response data  	[MsgId: MERR-35049]
End auto log messages stack.	[MsgId: MMSG-10544]


Start auto log messages stack - Iteration 2.	[MsgId: MMSG-10545]
Action.c(228): web_set_sockets_option started  	[MsgId: MMSG-26355]
Action.c(228): web_set_sockets_option was successful  	[MsgId: MMSG-26392]
Action.c(231): web_reg_save_param_regexp started  	[MsgId: MMSG-26355]
Action.c(231): Registering web_reg_save_param_regexp was successful  	[MsgId: MMSG-26390]
Action.c(239): web_url("655606527") started  	[MsgId: MMSG-26355]
Action.c(239): Downloading resource "https://content-autofill.googleapis.com/v1/pages/ChVDaHJvbWUvMTIwLjAuNjA5OS4xMzASUQkAV538LJqhZBIFDeeNQA4SBQ3OQUx6EgUNeG8SGRIFDQ8WvisSBQ2E5pjgEgUN9nKYWRIFDcd2OFASBQ1axjztEgUNcpdcLyG_nUdXxrOJoA==?alt=proto" (specified by argument number 9)  	[MsgId: MMSG-26576]
Action.c(239): Error -26611: HTTP Status-Code=500 (Internal Server Error) for "https://advantageonlineshopping.com/order/api/v1/carts/655606527"  	[MsgId: MERR-26611]
End auto log messages stack.	[MsgId: MMSG-10544]


Start auto log messages stack - Iteration 2.	[MsgId: MMSG-10545]
Action.c(239): Warning -26630: HTTP Status-Code=400 (Bad Request) for "https://content-autofill.googleapis.com/v1/pages/ChVDaHJvbWUvMTIwLjAuNjA5OS4xMzASUQkAV538LJqhZBIFDeeNQA4SBQ3OQUx6EgUNeG8SGRIFDQ8WvisSBQ2E5pjgEgUN9nKYWRIFDcd2OFASBQ1axjztEgUNcpdcLyG_nUdXxrOJoA==?alt=proto"  	[MsgId: MWAR-26630]
Action.c(239): Error -35049: No match found for the requested parameter "sessionId". Check whether the requested regular expression exists in the response data  	[MsgId: MERR-35049]
End auto log messages stack.	[MsgId: MMSG-10544]


Start auto log messages stack - Iteration 2.	[MsgId: MMSG-10545]
Action.c(228): web_set_sockets_option started  	[MsgId: MMSG-26355]
Action.c(228): web_set_sockets_option was successful  	[MsgId: MMSG-26392]
Action.c(231): web_reg_save_param_regexp started  	[MsgId: MMSG-26355]
Action.c(231): Registering web_reg_save_param_regexp was successful  	[MsgId: MMSG-26390]
Action.c(239): web_url("655606527") started  	[MsgId: MMSG-26355]
Action.c(239): Downloading resource "https://content-autofill.googleapis.com/v1/pages/ChVDaHJvbWUvMTIwLjAuNjA5OS4xMzASUQkAV538LJqhZBIFDeeNQA4SBQ3OQUx6EgUNeG8SGRIFDQ8WvisSBQ2E5pjgEgUN9nKYWRIFDcd2OFASBQ1axjztEgUNcpdcLyG_nUdXxrOJoA==?alt=proto" (specified by argument number 9)  	[MsgId: MMSG-26576]
Action.c(239): Error -26611: HTTP Status-Code=500 (Internal Server Error) for "https://advantageonlineshopping.com/order/api/v1/carts/655606527"  	[MsgId: MERR-26611]
End auto log messages stack.	[MsgId: MMSG-10544]


Start auto log messages stack - Iteration 2.	[MsgId: MMSG-10545]
Action.c(239): Warning -26630: HTTP Status-Code=400 (Bad Request) for "https://content-autofill.googleapis.com/v1/pages/ChVDaHJvbWUvMTIwLjAuNjA5OS4xMzASUQkAV538LJqhZBIFDeeNQA4SBQ3OQUx6EgUNeG8SGRIFDQ8WvisSBQ2E5pjgEgUN9nKYWRIFDcd2OFASBQ1axjztEgUNcpdcLyG_nUdXxrOJoA==?alt=proto"  	[MsgId: MWAR-26630]
Action.c(239): Error -35049: No match found for the requested parameter "sessionId". Check whether the requested regular expression exists in the response data  	[MsgId: MERR-35049]
End auto log messages stack.	[MsgId: MMSG-10544]


